<?xml version="1.0" encoding="UTF-8"?>
<robot generator="Robot 6.1.1 (Python 3.11.8 on darwin)" generated="20240512 20:33:30.057" rpa="false" schemaversion="4">
<suite id="s1" name="RobotFramework &amp; Tests">
<suite id="s1-s1" name="RobotFramework" source="/Users/wangcangsang/Library/CloudStorage/OneDrive-Personal/文档/Tech/RobotFramework">
<suite id="s1-s1-s1" name="RF Init" source="/Users/wangcangsang/Library/CloudStorage/OneDrive-Personal/文档/Tech/RobotFramework/RF_Init.robot">
<test id="s1-s1-s1-t1" name="TC_Init" line="11">
<kw name="Log To Console" library="BuiltIn">
<arg>message='TC Init Started'</arg>
<doc>Logs the given message to the console.</doc>
<status status="PASS" starttime="20240512 20:33:30.885" endtime="20240512 20:33:30.886"/>
</kw>
<kw name="Open Browser" library="SeleniumLibrary">
<arg>https://www.python.org</arg>
<arg>Edge</arg>
<arg>options=${Options}</arg>
<doc>Opens a new browser instance to the optional ``url``.</doc>
<msg timestamp="20240512 20:33:30.886" level="INFO">Opening browser 'Edge' to base url 'https://www.python.org'.</msg>
<status status="PASS" starttime="20240512 20:33:30.886" endtime="20240512 20:33:33.869"/>
</kw>
<kw name="Sleep" library="BuiltIn">
<arg>3 seconds</arg>
<doc>Pauses the test executed for the given time.</doc>
<msg timestamp="20240512 20:33:36.873" level="INFO">Slept 3 seconds</msg>
<status status="PASS" starttime="20240512 20:33:33.870" endtime="20240512 20:33:36.873"/>
</kw>
<kw name="Close All Browsers" library="SeleniumLibrary">
<doc>Closes all open browsers and resets the browser cache.</doc>
<status status="PASS" starttime="20240512 20:33:36.874" endtime="20240512 20:33:37.065"/>
</kw>
<status status="PASS" starttime="20240512 20:33:30.885" endtime="20240512 20:33:37.065"/>
</test>
<test id="s1-s1-s1-t2" name="Quick Test Validation" line="17">
<kw name="Log To Console" library="BuiltIn">
<arg>${Laptop_Img}</arg>
<doc>Logs the given message to the console.</doc>
<status status="PASS" starttime="20240512 20:33:37.067" endtime="20240512 20:33:37.068"/>
</kw>
<kw name="Convert Elementlocator To Tuple String" library="UtilLibrary">
<var>${locatortuple}</var>
<arg>${Laptop_Img}</arg>
<doc>Convert element locator from string to a string like a tuple so that it could
be used in Evaluate function and check the element condition with
Wait For statement.</doc>
<msg timestamp="20240512 20:33:37.070" level="INFO">Concat String is: 'id','laptopsImg'</msg>
<msg timestamp="20240512 20:33:37.070" level="INFO">${locatortuple} = ('id','laptopsImg')</msg>
<status status="PASS" starttime="20240512 20:33:37.069" endtime="20240512 20:33:37.070"/>
</kw>
<kw name="Log To Console" library="BuiltIn">
<arg>${locatortuple}</arg>
<doc>Logs the given message to the console.</doc>
<status status="PASS" starttime="20240512 20:33:37.070" endtime="20240512 20:33:37.071"/>
</kw>
<status status="PASS" starttime="20240512 20:33:37.066" endtime="20240512 20:33:37.071"/>
</test>
<status status="PASS" starttime="20240512 20:33:30.090" endtime="20240512 20:33:37.073"/>
</suite>
<suite id="s1-s1-s2" name="Tests" source="/Users/wangcangsang/Library/CloudStorage/OneDrive-Personal/文档/Tech/RobotFramework/tests">
<suite id="s1-s1-s2-s1" name="Shopping Test Cases" source="/Users/wangcangsang/Library/CloudStorage/OneDrive-Personal/文档/Tech/RobotFramework/tests/shopping_test_cases.robot">
<test id="s1-s1-s2-s1-t1" name="Shopping Dry Run" line="22">
<kw name="Selenium Initialization" library="common" type="SETUP">
<doc>Selenium WebDriver Initialization and Configuration Keyword</doc>
<kw name="Set Selenium Implicit Wait" library="SeleniumLibrary">
<arg>${SELENIUMIMPLICITWAIT}</arg>
<doc>Sets the implicit wait value used by Selenium.</doc>
<status status="PASS" starttime="20240512 20:33:37.126" endtime="20240512 20:33:37.126"/>
</kw>
<kw name="Set Selenium Speed" library="SeleniumLibrary">
<arg>${SELENIUMSPEED}</arg>
<doc>Sets the delay that is waited after each Selenium command.</doc>
<status status="PASS" starttime="20240512 20:33:37.127" endtime="20240512 20:33:37.127"/>
</kw>
<kw name="Open Browser" library="SeleniumLibrary">
<arg>${URL}</arg>
<arg>Edge</arg>
<arg>options=${BROWSEROPTIONS}</arg>
<doc>Opens a new browser instance to the optional ``url``.</doc>
<msg timestamp="20240512 20:33:37.128" level="INFO">Opening browser 'Edge' to base url 'https://www.advantageonlineshopping.com/#/'.</msg>
<status status="PASS" starttime="20240512 20:33:37.127" endtime="20240512 20:33:40.631"/>
</kw>
<kw name="Maximize Browser Window" library="SeleniumLibrary">
<doc>Maximizes current browser window.</doc>
<status status="PASS" starttime="20240512 20:33:40.631" endtime="20240512 20:33:41.153"/>
</kw>
<status status="PASS" starttime="20240512 20:33:37.126" endtime="20240512 20:33:41.153"/>
</kw>
<kw name="Set Variable" library="BuiltIn">
<var>${TESTDATASHEET}</var>
<arg>Login</arg>
<doc>Returns the given values which can then be assigned to a variables.</doc>
<msg timestamp="20240512 20:33:41.154" level="INFO">${TESTDATASHEET} = Login</msg>
<status status="PASS" starttime="20240512 20:33:41.154" endtime="20240512 20:33:41.154"/>
</kw>
<kw name="Pick up a Catagory to View" library="homepage">
<arg>${Laptop_Img}</arg>
<kw name="Convert Elementlocator To Tuple String" library="UtilLibrary">
<var>${elementexists}</var>
<arg>${catagorylocator}</arg>
<doc>Convert element locator from string to a string like a tuple so that it could
be used in Evaluate function and check the element condition with
Wait For statement.</doc>
<msg timestamp="20240512 20:33:41.155" level="INFO">Concat String is: 'id','laptopsImg'</msg>
<msg timestamp="20240512 20:33:41.155" level="INFO">${elementexists} = ('id','laptopsImg')</msg>
<status status="PASS" starttime="20240512 20:33:41.155" endtime="20240512 20:33:41.156"/>
</kw>
<kw name="Evaluate" library="BuiltIn">
<var>${elementexists}</var>
<arg>${elementexists}</arg>
<doc>Evaluates the given expression in Python and returns the result.</doc>
<msg timestamp="20240512 20:33:41.156" level="INFO">${elementexists} = ('id', 'laptopsImg')</msg>
<status status="PASS" starttime="20240512 20:33:41.156" endtime="20240512 20:33:41.156"/>
</kw>
<kw name="Wait For Expected Condition" library="SeleniumLibrary">
<arg>Element To Be Clickable</arg>
<arg>${elementexists}</arg>
<arg>timeout=10</arg>
<doc>Waits until ``condition`` is true or ``timeout`` expires.</doc>
<status status="PASS" starttime="20240512 20:33:41.156" endtime="20240512 20:33:45.430"/>
</kw>
<kw name="Click Element" library="SeleniumLibrary">
<arg>${catagorylocator}</arg>
<doc>Click the element identified by ``locator``.</doc>
<msg timestamp="20240512 20:33:45.432" level="INFO">Clicking element 'id: laptopsImg'.</msg>
<status status="PASS" starttime="20240512 20:33:45.431" endtime="20240512 20:33:46.507"/>
</kw>
<status status="PASS" starttime="20240512 20:33:41.154" endtime="20240512 20:33:46.507"/>
</kw>
<kw name="Pick up a Product to View" library="productcatagorypage">
<arg>${HP_Envy_Laptop_Img}</arg>
<kw name="Click Image" library="SeleniumLibrary">
<arg>${productlocator}</arg>
<doc>Clicks an image identified by ``locator``.</doc>
<msg timestamp="20240512 20:33:46.509" level="INFO">Clicking image 'id: 7'.</msg>
<status status="PASS" starttime="20240512 20:33:46.508" endtime="20240512 20:33:50.144"/>
</kw>
<status status="PASS" starttime="20240512 20:33:46.508" endtime="20240512 20:33:50.145"/>
</kw>
<kw name="Get Test Data From Excel" library="UtilLibrary">
<var>${tabledata}</var>
<arg>${TESTDATAFILE}</arg>
<arg>${TESTDATASHEET}</arg>
<doc>Get table object for test data driven purpose</doc>
<msg timestamp="20240512 20:33:50.162" level="INFO">Opened workbook: &lt;RPA.Excel.Files.XlsxWorkbook object at 0x11034ed10&gt;</msg>
<msg timestamp="20240512 20:33:50.163" level="INFO">Created table: Table(columns=['USERNAME', 'PASSWORD'], rows=3)</msg>
<msg timestamp="20240512 20:33:50.163" level="INFO">Closing workbook: &lt;RPA.Excel.Files.XlsxWorkbook object at 0x11034ed10&gt;</msg>
<msg timestamp="20240512 20:33:50.163" level="INFO">${tabledata} = Table(columns=['USERNAME', 'PASSWORD'], rows=3)</msg>
<status status="PASS" starttime="20240512 20:33:50.145" endtime="20240512 20:33:50.163"/>
</kw>
<for flavor="IN">
<var>${row}</var>
<value>@{tabledata}</value>
<iter>
<var name="${row}">{'USERNAME': 'Cangsang', 'PASSWORD': 'Water@128'}</var>
<kw name="Sleep" library="BuiltIn">
<arg>2 seconds</arg>
<doc>Pauses the test executed for the given time.</doc>
<msg timestamp="20240512 20:33:52.165" level="INFO">Slept 2 seconds</msg>
<status status="PASS" starttime="20240512 20:33:50.164" endtime="20240512 20:33:52.166"/>
</kw>
<kw name="User Login" library="userprofile">
<arg>${row}[USERNAME]</arg>
<arg>${row}[PASSWORD]</arg>
<kw name="Click Element" library="SeleniumLibrary">
<arg>${User_btn}</arg>
<doc>Click the element identified by ``locator``.</doc>
<msg timestamp="20240512 20:33:52.167" level="INFO">Clicking element 'id: menuUser'.</msg>
<status status="PASS" starttime="20240512 20:33:52.166" endtime="20240512 20:33:53.231"/>
</kw>
<kw name="Input Text" library="SeleniumLibrary">
<arg>${Username_txtfield}</arg>
<arg>${username}</arg>
<doc>Types the given ``text`` into the text field identified by ``locator``.</doc>
<msg timestamp="20240512 20:33:53.238" level="INFO">Typing text 'Cangsang' into text field 'name: username'.</msg>
<status status="PASS" starttime="20240512 20:33:53.234" endtime="20240512 20:33:55.020"/>
</kw>
<kw name="Input Password" library="SeleniumLibrary">
<arg>${Password_txtfield}</arg>
<arg>${password}</arg>
<doc>Types the given password into the text field identified by ``locator``.</doc>
<msg timestamp="20240512 20:33:55.022" level="INFO">Typing password into text field 'name: password'.</msg>
<msg timestamp="20240512 20:33:56.207" level="INFO">Temporally setting log level to: NONE</msg>
<msg timestamp="20240512 20:33:56.807" level="INFO">Log level changed from NONE to INFO.</msg>
<status status="PASS" starttime="20240512 20:33:55.020" endtime="20240512 20:33:56.807"/>
</kw>
<kw name="Click Button" library="SeleniumLibrary">
<arg>${Sign_in_btn}</arg>
<doc>Clicks the button identified by ``locator``.</doc>
<msg timestamp="20240512 20:33:56.809" level="INFO">Clicking button 'SIGN IN'.</msg>
<status status="PASS" starttime="20240512 20:33:56.807" endtime="20240512 20:34:00.949"/>
</kw>
<status status="PASS" starttime="20240512 20:33:52.166" endtime="20240512 20:34:00.949"/>
</kw>
<kw name="User Logout" library="userprofile">
<kw name="Click Element" library="SeleniumLibrary">
<arg>${User_btn}</arg>
<doc>Click the element identified by ``locator``.</doc>
<msg timestamp="20240512 20:34:00.953" level="INFO">Clicking element 'id: menuUser'.</msg>
<status status="PASS" starttime="20240512 20:34:00.951" endtime="20240512 20:34:02.030"/>
</kw>
<kw name="Click Element" library="SeleniumLibrary">
<arg>${Logout_btn}</arg>
<doc>Click the element identified by ``locator``.</doc>
<msg timestamp="20240512 20:34:02.031" level="INFO">Clicking element '//*[@id="loginMiniTitle"]/label[3]'.</msg>
<status status="PASS" starttime="20240512 20:34:02.030" endtime="20240512 20:34:03.094"/>
</kw>
<status status="PASS" starttime="20240512 20:34:00.949" endtime="20240512 20:34:03.094"/>
</kw>
<status status="PASS" starttime="20240512 20:33:50.163" endtime="20240512 20:34:03.094"/>
</iter>
<iter>
<var name="${row}">{'USERNAME': 'Angel', 'PASSWORD': 'Angel@314'}</var>
<kw name="Sleep" library="BuiltIn">
<arg>2 seconds</arg>
<doc>Pauses the test executed for the given time.</doc>
<msg timestamp="20240512 20:34:05.096" level="INFO">Slept 2 seconds</msg>
<status status="PASS" starttime="20240512 20:34:03.094" endtime="20240512 20:34:05.096"/>
</kw>
<kw name="User Login" library="userprofile">
<arg>${row}[USERNAME]</arg>
<arg>${row}[PASSWORD]</arg>
<kw name="Click Element" library="SeleniumLibrary">
<arg>${User_btn}</arg>
<doc>Click the element identified by ``locator``.</doc>
<msg timestamp="20240512 20:34:05.097" level="INFO">Clicking element 'id: menuUser'.</msg>
<status status="PASS" starttime="20240512 20:34:05.097" endtime="20240512 20:34:06.158"/>
</kw>
<kw name="Input Text" library="SeleniumLibrary">
<arg>${Username_txtfield}</arg>
<arg>${username}</arg>
<doc>Types the given ``text`` into the text field identified by ``locator``.</doc>
<msg timestamp="20240512 20:34:06.162" level="INFO">Typing text 'Angel' into text field 'name: username'.</msg>
<status status="PASS" starttime="20240512 20:34:06.158" endtime="20240512 20:34:07.725"/>
</kw>
<kw name="Input Password" library="SeleniumLibrary">
<arg>${Password_txtfield}</arg>
<arg>${password}</arg>
<doc>Types the given password into the text field identified by ``locator``.</doc>
<msg timestamp="20240512 20:34:07.726" level="INFO">Typing password into text field 'name: password'.</msg>
<msg timestamp="20240512 20:34:08.771" level="INFO">Temporally setting log level to: NONE</msg>
<msg timestamp="20240512 20:34:09.332" level="INFO">Log level changed from NONE to INFO.</msg>
<status status="PASS" starttime="20240512 20:34:07.725" endtime="20240512 20:34:09.333"/>
</kw>
<kw name="Click Button" library="SeleniumLibrary">
<arg>${Sign_in_btn}</arg>
<doc>Clicks the button identified by ``locator``.</doc>
<msg timestamp="20240512 20:34:09.333" level="INFO">Clicking button 'SIGN IN'.</msg>
<status status="PASS" starttime="20240512 20:34:09.333" endtime="20240512 20:34:13.423"/>
</kw>
<status status="PASS" starttime="20240512 20:34:05.096" endtime="20240512 20:34:13.423"/>
</kw>
<kw name="User Logout" library="userprofile">
<kw name="Click Element" library="SeleniumLibrary">
<arg>${User_btn}</arg>
<doc>Click the element identified by ``locator``.</doc>
<msg timestamp="20240512 20:34:13.424" level="INFO">Clicking element 'id: menuUser'.</msg>
<status status="PASS" starttime="20240512 20:34:13.423" endtime="20240512 20:34:14.465"/>
</kw>
<kw name="Click Element" library="SeleniumLibrary">
<arg>${Logout_btn}</arg>
<doc>Click the element identified by ``locator``.</doc>
<msg timestamp="20240512 20:34:14.466" level="INFO">Clicking element '//*[@id="loginMiniTitle"]/label[3]'.</msg>
<status status="PASS" starttime="20240512 20:34:14.465" endtime="20240512 20:34:15.828"/>
</kw>
<status status="PASS" starttime="20240512 20:34:13.423" endtime="20240512 20:34:15.828"/>
</kw>
<status status="PASS" starttime="20240512 20:34:03.094" endtime="20240512 20:34:15.828"/>
</iter>
<iter>
<var name="${row}">{'USERNAME': 'JoyWang', 'PASSWORD': 'JoyWang@301'}</var>
<kw name="Sleep" library="BuiltIn">
<arg>2 seconds</arg>
<doc>Pauses the test executed for the given time.</doc>
<msg timestamp="20240512 20:34:17.832" level="INFO">Slept 2 seconds</msg>
<status status="PASS" starttime="20240512 20:34:15.829" endtime="20240512 20:34:17.833"/>
</kw>
<kw name="User Login" library="userprofile">
<arg>${row}[USERNAME]</arg>
<arg>${row}[PASSWORD]</arg>
<kw name="Click Element" library="SeleniumLibrary">
<arg>${User_btn}</arg>
<doc>Click the element identified by ``locator``.</doc>
<msg timestamp="20240512 20:34:17.834" level="INFO">Clicking element 'id: menuUser'.</msg>
<status status="PASS" starttime="20240512 20:34:17.833" endtime="20240512 20:34:18.882"/>
</kw>
<kw name="Input Text" library="SeleniumLibrary">
<arg>${Username_txtfield}</arg>
<arg>${username}</arg>
<doc>Types the given ``text`` into the text field identified by ``locator``.</doc>
<msg timestamp="20240512 20:34:18.896" level="INFO">Typing text 'JoyWang' into text field 'name: username'.</msg>
<status status="PASS" starttime="20240512 20:34:18.882" endtime="20240512 20:34:20.616"/>
</kw>
<kw name="Input Password" library="SeleniumLibrary">
<arg>${Password_txtfield}</arg>
<arg>${password}</arg>
<doc>Types the given password into the text field identified by ``locator``.</doc>
<msg timestamp="20240512 20:34:20.624" level="INFO">Typing password into text field 'name: password'.</msg>
<msg timestamp="20240512 20:34:21.843" level="INFO">Temporally setting log level to: NONE</msg>
<msg timestamp="20240512 20:34:22.567" level="INFO">Log level changed from NONE to INFO.</msg>
<status status="PASS" starttime="20240512 20:34:20.618" endtime="20240512 20:34:22.568"/>
</kw>
<kw name="Click Button" library="SeleniumLibrary">
<arg>${Sign_in_btn}</arg>
<doc>Clicks the button identified by ``locator``.</doc>
<msg timestamp="20240512 20:34:22.569" level="INFO">Clicking button 'SIGN IN'.</msg>
<status status="PASS" starttime="20240512 20:34:22.568" endtime="20240512 20:34:26.853"/>
</kw>
<status status="PASS" starttime="20240512 20:34:17.833" endtime="20240512 20:34:26.854"/>
</kw>
<kw name="User Logout" library="userprofile">
<kw name="Click Element" library="SeleniumLibrary">
<arg>${User_btn}</arg>
<doc>Click the element identified by ``locator``.</doc>
<msg timestamp="20240512 20:34:26.857" level="INFO">Clicking element 'id: menuUser'.</msg>
<status status="PASS" starttime="20240512 20:34:26.854" endtime="20240512 20:34:27.932"/>
</kw>
<kw name="Click Element" library="SeleniumLibrary">
<arg>${Logout_btn}</arg>
<doc>Click the element identified by ``locator``.</doc>
<msg timestamp="20240512 20:34:27.933" level="INFO">Clicking element '//*[@id="loginMiniTitle"]/label[3]'.</msg>
<status status="PASS" starttime="20240512 20:34:27.932" endtime="20240512 20:34:29.076"/>
</kw>
<status status="PASS" starttime="20240512 20:34:26.854" endtime="20240512 20:34:29.076"/>
</kw>
<status status="PASS" starttime="20240512 20:34:15.829" endtime="20240512 20:34:29.076"/>
</iter>
<status status="PASS" starttime="20240512 20:33:50.163" endtime="20240512 20:34:29.077"/>
</for>
<kw name="Close All Browsers" library="SeleniumLibrary" type="TEARDOWN">
<doc>Closes all open browsers and resets the browser cache.</doc>
<status status="PASS" starttime="20240512 20:34:29.078" endtime="20240512 20:34:29.647"/>
</kw>
<doc>A dry run test case to verify the system under test is available</doc>
<tag>dry_run</tag>
<status status="PASS" starttime="20240512 20:33:37.125" endtime="20240512 20:34:29.647"/>
</test>
<test id="s1-s1-s2-s1-t2" name="Login Validation with Different Usernames and Passwords" line="35">
<kw name="Selenium Initialization" library="common" type="SETUP">
<doc>Selenium WebDriver Initialization and Configuration Keyword</doc>
<kw name="Set Selenium Implicit Wait" library="SeleniumLibrary">
<arg>${SELENIUMIMPLICITWAIT}</arg>
<doc>Sets the implicit wait value used by Selenium.</doc>
<status status="PASS" starttime="20240512 20:34:29.652" endtime="20240512 20:34:29.652"/>
</kw>
<kw name="Set Selenium Speed" library="SeleniumLibrary">
<arg>${SELENIUMSPEED}</arg>
<doc>Sets the delay that is waited after each Selenium command.</doc>
<status status="PASS" starttime="20240512 20:34:29.653" endtime="20240512 20:34:29.653"/>
</kw>
<kw name="Open Browser" library="SeleniumLibrary">
<arg>${URL}</arg>
<arg>Edge</arg>
<arg>options=${BROWSEROPTIONS}</arg>
<doc>Opens a new browser instance to the optional ``url``.</doc>
<msg timestamp="20240512 20:34:29.654" level="INFO">Opening browser 'Edge' to base url 'https://www.advantageonlineshopping.com/#/'.</msg>
<status status="PASS" starttime="20240512 20:34:29.653" endtime="20240512 20:34:32.112"/>
</kw>
<kw name="Maximize Browser Window" library="SeleniumLibrary">
<doc>Maximizes current browser window.</doc>
<status status="PASS" starttime="20240512 20:34:32.113" endtime="20240512 20:34:32.632"/>
</kw>
<status status="PASS" starttime="20240512 20:34:29.651" endtime="20240512 20:34:32.632"/>
</kw>
<kw name="Set Variable" library="BuiltIn">
<var>${TESTDATASHEET}</var>
<arg>Login</arg>
<doc>Returns the given values which can then be assigned to a variables.</doc>
<msg timestamp="20240512 20:34:32.633" level="INFO">${TESTDATASHEET} = Login</msg>
<status status="PASS" starttime="20240512 20:34:32.632" endtime="20240512 20:34:32.633"/>
</kw>
<kw name="Sleep" library="BuiltIn">
<arg>3 seconds</arg>
<doc>Pauses the test executed for the given time.</doc>
<msg timestamp="20240512 20:34:35.635" level="INFO">Slept 3 seconds</msg>
<status status="PASS" starttime="20240512 20:34:32.633" endtime="20240512 20:34:35.635"/>
</kw>
<kw name="Get Test Data From Excel" library="UtilLibrary">
<var>${tabledata}</var>
<arg>${TESTDATAFILE}</arg>
<arg>${TESTDATASHEET}</arg>
<doc>Get table object for test data driven purpose</doc>
<msg timestamp="20240512 20:34:35.654" level="INFO">Opened workbook: &lt;RPA.Excel.Files.XlsxWorkbook object at 0x1103b0c50&gt;</msg>
<msg timestamp="20240512 20:34:35.655" level="INFO">Created table: Table(columns=['USERNAME', 'PASSWORD'], rows=3)</msg>
<msg timestamp="20240512 20:34:35.655" level="INFO">Closing workbook: &lt;RPA.Excel.Files.XlsxWorkbook object at 0x1103b0c50&gt;</msg>
<msg timestamp="20240512 20:34:35.655" level="INFO">${tabledata} = Table(columns=['USERNAME', 'PASSWORD'], rows=3)</msg>
<status status="PASS" starttime="20240512 20:34:35.635" endtime="20240512 20:34:35.655"/>
</kw>
<kw name="Log Many" library="BuiltIn">
<arg>${tabledata}</arg>
<doc>Logs the given messages as separate entries using the INFO level.</doc>
<msg timestamp="20240512 20:34:35.655" level="INFO">Table(columns=['USERNAME', 'PASSWORD'], rows=3)</msg>
<status status="PASS" starttime="20240512 20:34:35.655" endtime="20240512 20:34:35.655"/>
</kw>
<for flavor="IN">
<var>${row}</var>
<value>@{tabledata}</value>
<iter>
<var name="${row}">{'USERNAME': 'Cangsang', 'PASSWORD': 'Water@128'}</var>
<kw name="User Login" library="userprofile">
<arg>${row}[USERNAME]</arg>
<arg>${row}[PASSWORD]</arg>
<kw name="Click Element" library="SeleniumLibrary">
<arg>${User_btn}</arg>
<doc>Click the element identified by ``locator``.</doc>
<msg timestamp="20240512 20:34:35.657" level="INFO">Clicking element 'id: menuUser'.</msg>
<status status="PASS" starttime="20240512 20:34:35.656" endtime="20240512 20:34:36.737"/>
</kw>
<kw name="Input Text" library="SeleniumLibrary">
<arg>${Username_txtfield}</arg>
<arg>${username}</arg>
<doc>Types the given ``text`` into the text field identified by ``locator``.</doc>
<msg timestamp="20240512 20:34:36.739" level="INFO">Typing text 'Cangsang' into text field 'name: username'.</msg>
<status status="PASS" starttime="20240512 20:34:36.738" endtime="20240512 20:34:38.394"/>
</kw>
<kw name="Input Password" library="SeleniumLibrary">
<arg>${Password_txtfield}</arg>
<arg>${password}</arg>
<doc>Types the given password into the text field identified by ``locator``.</doc>
<msg timestamp="20240512 20:34:38.396" level="INFO">Typing password into text field 'name: password'.</msg>
<msg timestamp="20240512 20:34:39.465" level="INFO">Temporally setting log level to: NONE</msg>
<msg timestamp="20240512 20:34:40.098" level="INFO">Log level changed from NONE to INFO.</msg>
<status status="PASS" starttime="20240512 20:34:38.396" endtime="20240512 20:34:40.098"/>
</kw>
<kw name="Click Button" library="SeleniumLibrary">
<arg>${Sign_in_btn}</arg>
<doc>Clicks the button identified by ``locator``.</doc>
<msg timestamp="20240512 20:34:40.099" level="INFO">Clicking button 'SIGN IN'.</msg>
<status status="PASS" starttime="20240512 20:34:40.098" endtime="20240512 20:34:44.227"/>
</kw>
<status status="PASS" starttime="20240512 20:34:35.656" endtime="20240512 20:34:44.228"/>
</kw>
<kw name="User Logout" library="userprofile">
<kw name="Click Element" library="SeleniumLibrary">
<arg>${User_btn}</arg>
<doc>Click the element identified by ``locator``.</doc>
<msg timestamp="20240512 20:34:44.229" level="INFO">Clicking element 'id: menuUser'.</msg>
<status status="PASS" starttime="20240512 20:34:44.228" endtime="20240512 20:34:45.282"/>
</kw>
<kw name="Click Element" library="SeleniumLibrary">
<arg>${Logout_btn}</arg>
<doc>Click the element identified by ``locator``.</doc>
<msg timestamp="20240512 20:34:45.283" level="INFO">Clicking element '//*[@id="loginMiniTitle"]/label[3]'.</msg>
<status status="PASS" starttime="20240512 20:34:45.282" endtime="20240512 20:34:46.339"/>
</kw>
<status status="PASS" starttime="20240512 20:34:44.228" endtime="20240512 20:34:46.339"/>
</kw>
<status status="PASS" starttime="20240512 20:34:35.656" endtime="20240512 20:34:46.339"/>
</iter>
<iter>
<var name="${row}">{'USERNAME': 'Angel', 'PASSWORD': 'Angel@314'}</var>
<kw name="User Login" library="userprofile">
<arg>${row}[USERNAME]</arg>
<arg>${row}[PASSWORD]</arg>
<kw name="Click Element" library="SeleniumLibrary">
<arg>${User_btn}</arg>
<doc>Click the element identified by ``locator``.</doc>
<msg timestamp="20240512 20:34:46.340" level="INFO">Clicking element 'id: menuUser'.</msg>
<status status="PASS" starttime="20240512 20:34:46.340" endtime="20240512 20:34:47.406"/>
</kw>
<kw name="Input Text" library="SeleniumLibrary">
<arg>${Username_txtfield}</arg>
<arg>${username}</arg>
<doc>Types the given ``text`` into the text field identified by ``locator``.</doc>
<msg timestamp="20240512 20:34:47.407" level="INFO">Typing text 'Angel' into text field 'name: username'.</msg>
<status status="PASS" starttime="20240512 20:34:47.406" endtime="20240512 20:34:49.012"/>
</kw>
<kw name="Input Password" library="SeleniumLibrary">
<arg>${Password_txtfield}</arg>
<arg>${password}</arg>
<doc>Types the given password into the text field identified by ``locator``.</doc>
<msg timestamp="20240512 20:34:49.013" level="INFO">Typing password into text field 'name: password'.</msg>
<msg timestamp="20240512 20:34:50.056" level="INFO">Temporally setting log level to: NONE</msg>
<msg timestamp="20240512 20:34:50.619" level="INFO">Log level changed from NONE to INFO.</msg>
<status status="PASS" starttime="20240512 20:34:49.012" endtime="20240512 20:34:50.619"/>
</kw>
<kw name="Click Button" library="SeleniumLibrary">
<arg>${Sign_in_btn}</arg>
<doc>Clicks the button identified by ``locator``.</doc>
<msg timestamp="20240512 20:34:50.623" level="INFO">Clicking button 'SIGN IN'.</msg>
<status status="PASS" starttime="20240512 20:34:50.622" endtime="20240512 20:34:54.767"/>
</kw>
<status status="PASS" starttime="20240512 20:34:46.339" endtime="20240512 20:34:54.768"/>
</kw>
<kw name="User Logout" library="userprofile">
<kw name="Click Element" library="SeleniumLibrary">
<arg>${User_btn}</arg>
<doc>Click the element identified by ``locator``.</doc>
<msg timestamp="20240512 20:34:54.769" level="INFO">Clicking element 'id: menuUser'.</msg>
<status status="PASS" starttime="20240512 20:34:54.769" endtime="20240512 20:34:55.816"/>
</kw>
<kw name="Click Element" library="SeleniumLibrary">
<arg>${Logout_btn}</arg>
<doc>Click the element identified by ``locator``.</doc>
<msg timestamp="20240512 20:34:55.818" level="INFO">Clicking element '//*[@id="loginMiniTitle"]/label[3]'.</msg>
<status status="PASS" starttime="20240512 20:34:55.817" endtime="20240512 20:34:56.880"/>
</kw>
<status status="PASS" starttime="20240512 20:34:54.768" endtime="20240512 20:34:56.880"/>
</kw>
<status status="PASS" starttime="20240512 20:34:46.339" endtime="20240512 20:34:56.880"/>
</iter>
<iter>
<var name="${row}">{'USERNAME': 'JoyWang', 'PASSWORD': 'JoyWang@301'}</var>
<kw name="User Login" library="userprofile">
<arg>${row}[USERNAME]</arg>
<arg>${row}[PASSWORD]</arg>
<kw name="Click Element" library="SeleniumLibrary">
<arg>${User_btn}</arg>
<doc>Click the element identified by ``locator``.</doc>
<msg timestamp="20240512 20:34:56.882" level="INFO">Clicking element 'id: menuUser'.</msg>
<status status="PASS" starttime="20240512 20:34:56.881" endtime="20240512 20:34:57.933"/>
</kw>
<kw name="Input Text" library="SeleniumLibrary">
<arg>${Username_txtfield}</arg>
<arg>${username}</arg>
<doc>Types the given ``text`` into the text field identified by ``locator``.</doc>
<msg timestamp="20240512 20:34:57.934" level="INFO">Typing text 'JoyWang' into text field 'name: username'.</msg>
<status status="PASS" starttime="20240512 20:34:57.934" endtime="20240512 20:34:59.531"/>
</kw>
<kw name="Input Password" library="SeleniumLibrary">
<arg>${Password_txtfield}</arg>
<arg>${password}</arg>
<doc>Types the given password into the text field identified by ``locator``.</doc>
<msg timestamp="20240512 20:34:59.533" level="INFO">Typing password into text field 'name: password'.</msg>
<msg timestamp="20240512 20:35:00.564" level="INFO">Temporally setting log level to: NONE</msg>
<msg timestamp="20240512 20:35:01.148" level="INFO">Log level changed from NONE to INFO.</msg>
<status status="PASS" starttime="20240512 20:34:59.531" endtime="20240512 20:35:01.148"/>
</kw>
<kw name="Click Button" library="SeleniumLibrary">
<arg>${Sign_in_btn}</arg>
<doc>Clicks the button identified by ``locator``.</doc>
<msg timestamp="20240512 20:35:01.150" level="INFO">Clicking button 'SIGN IN'.</msg>
<status status="PASS" starttime="20240512 20:35:01.149" endtime="20240512 20:35:05.279"/>
</kw>
<status status="PASS" starttime="20240512 20:34:56.881" endtime="20240512 20:35:05.279"/>
</kw>
<kw name="User Logout" library="userprofile">
<kw name="Click Element" library="SeleniumLibrary">
<arg>${User_btn}</arg>
<doc>Click the element identified by ``locator``.</doc>
<msg timestamp="20240512 20:35:05.280" level="INFO">Clicking element 'id: menuUser'.</msg>
<status status="PASS" starttime="20240512 20:35:05.280" endtime="20240512 20:35:06.811"/>
</kw>
<kw name="Click Element" library="SeleniumLibrary">
<arg>${Logout_btn}</arg>
<doc>Click the element identified by ``locator``.</doc>
<msg timestamp="20240512 20:35:06.815" level="INFO">Clicking element '//*[@id="loginMiniTitle"]/label[3]'.</msg>
<status status="PASS" starttime="20240512 20:35:06.812" endtime="20240512 20:35:07.885"/>
</kw>
<status status="PASS" starttime="20240512 20:35:05.279" endtime="20240512 20:35:07.885"/>
</kw>
<status status="PASS" starttime="20240512 20:34:56.880" endtime="20240512 20:35:07.885"/>
</iter>
<status status="PASS" starttime="20240512 20:34:35.656" endtime="20240512 20:35:07.885"/>
</for>
<kw name="Close All Browsers" library="SeleniumLibrary" type="TEARDOWN">
<doc>Closes all open browsers and resets the browser cache.</doc>
<status status="PASS" starttime="20240512 20:35:07.886" endtime="20240512 20:35:08.450"/>
</kw>
<doc>Test cases dedicated to login with user credential combination</doc>
<tag>dry_run</tag>
<status status="PASS" starttime="20240512 20:34:29.650" endtime="20240512 20:35:08.450"/>
</test>
<test id="s1-s1-s2-s1-t3" name="End to End Shopping Workflow as a New User" line="48">
<kw name="Selenium Initialization" library="common" type="SETUP">
<doc>Selenium WebDriver Initialization and Configuration Keyword</doc>
<kw name="Set Selenium Implicit Wait" library="SeleniumLibrary">
<arg>${SELENIUMIMPLICITWAIT}</arg>
<doc>Sets the implicit wait value used by Selenium.</doc>
<status status="PASS" starttime="20240512 20:35:08.455" endtime="20240512 20:35:08.458"/>
</kw>
<kw name="Set Selenium Speed" library="SeleniumLibrary">
<arg>${SELENIUMSPEED}</arg>
<doc>Sets the delay that is waited after each Selenium command.</doc>
<status status="PASS" starttime="20240512 20:35:08.458" endtime="20240512 20:35:08.459"/>
</kw>
<kw name="Open Browser" library="SeleniumLibrary">
<arg>${URL}</arg>
<arg>Edge</arg>
<arg>options=${BROWSEROPTIONS}</arg>
<doc>Opens a new browser instance to the optional ``url``.</doc>
<msg timestamp="20240512 20:35:08.460" level="INFO">Opening browser 'Edge' to base url 'https://www.advantageonlineshopping.com/#/'.</msg>
<status status="PASS" starttime="20240512 20:35:08.459" endtime="20240512 20:35:11.296"/>
</kw>
<kw name="Maximize Browser Window" library="SeleniumLibrary">
<doc>Maximizes current browser window.</doc>
<status status="PASS" starttime="20240512 20:35:11.296" endtime="20240512 20:35:11.819"/>
</kw>
<status status="PASS" starttime="20240512 20:35:08.454" endtime="20240512 20:35:11.819"/>
</kw>
<kw name="Set Variable" library="BuiltIn">
<var>${TESTDATASHEET}</var>
<arg>AccountCreate</arg>
<doc>Returns the given values which can then be assigned to a variables.</doc>
<msg timestamp="20240512 20:35:11.820" level="INFO">${TESTDATASHEET} = AccountCreate</msg>
<status status="PASS" starttime="20240512 20:35:11.820" endtime="20240512 20:35:11.820"/>
</kw>
<kw name="Get Test Data From Excel" library="UtilLibrary">
<var>${tabledata}</var>
<arg>${TESTDATAFILE}</arg>
<arg>${TESTDATASHEET}</arg>
<doc>Get table object for test data driven purpose</doc>
<msg timestamp="20240512 20:35:11.835" level="INFO">Opened workbook: &lt;RPA.Excel.Files.XlsxWorkbook object at 0x1103c6e90&gt;</msg>
<msg timestamp="20240512 20:35:11.835" level="INFO">Created table: Table(columns=['USERNAME', 'PASSWORD', 'EMAIL'], rows=3)</msg>
<msg timestamp="20240512 20:35:11.835" level="INFO">Closing workbook: &lt;RPA.Excel.Files.XlsxWorkbook object at 0x1103c6e90&gt;</msg>
<msg timestamp="20240512 20:35:11.836" level="INFO">${tabledata} = Table(columns=['USERNAME', 'PASSWORD', 'EMAIL'], rows=3)</msg>
<status status="PASS" starttime="20240512 20:35:11.820" endtime="20240512 20:35:11.836"/>
</kw>
<for flavor="IN">
<var>${row}</var>
<value>@{tabledata}</value>
<iter>
<var name="${row}">{'USERNAME': 'Cangsang', 'PASSWORD': 'Water@128', 'EMAIL': 'watercloset@demo.com'}</var>
<kw name="Pick up a Catagory to View" library="homepage">
<arg>${Laptop_Img}</arg>
<kw name="Convert Elementlocator To Tuple String" library="UtilLibrary">
<var>${elementexists}</var>
<arg>${catagorylocator}</arg>
<doc>Convert element locator from string to a string like a tuple so that it could
be used in Evaluate function and check the element condition with
Wait For statement.</doc>
<msg timestamp="20240512 20:35:11.838" level="INFO">Concat String is: 'id','laptopsImg'</msg>
<msg timestamp="20240512 20:35:11.838" level="INFO">${elementexists} = ('id','laptopsImg')</msg>
<status status="PASS" starttime="20240512 20:35:11.837" endtime="20240512 20:35:11.838"/>
</kw>
<kw name="Evaluate" library="BuiltIn">
<var>${elementexists}</var>
<arg>${elementexists}</arg>
<doc>Evaluates the given expression in Python and returns the result.</doc>
<msg timestamp="20240512 20:35:11.838" level="INFO">${elementexists} = ('id', 'laptopsImg')</msg>
<status status="PASS" starttime="20240512 20:35:11.838" endtime="20240512 20:35:11.838"/>
</kw>
<kw name="Wait For Expected Condition" library="SeleniumLibrary">
<arg>Element To Be Clickable</arg>
<arg>${elementexists}</arg>
<arg>timeout=10</arg>
<doc>Waits until ``condition`` is true or ``timeout`` expires.</doc>
<status status="PASS" starttime="20240512 20:35:11.838" endtime="20240512 20:35:16.123"/>
</kw>
<kw name="Click Element" library="SeleniumLibrary">
<arg>${catagorylocator}</arg>
<doc>Click the element identified by ``locator``.</doc>
<msg timestamp="20240512 20:35:16.124" level="INFO">Clicking element 'id: laptopsImg'.</msg>
<status status="PASS" starttime="20240512 20:35:16.124" endtime="20240512 20:35:17.201"/>
</kw>
<status status="PASS" starttime="20240512 20:35:11.837" endtime="20240512 20:35:17.201"/>
</kw>
<kw name="Pick up a Product to View" library="productcatagorypage">
<arg>${HP_Envy_Laptop_Img}</arg>
<kw name="Click Image" library="SeleniumLibrary">
<arg>${productlocator}</arg>
<doc>Clicks an image identified by ``locator``.</doc>
<msg timestamp="20240512 20:35:17.204" level="INFO">Clicking image 'id: 7'.</msg>
<status status="PASS" starttime="20240512 20:35:17.203" endtime="20240512 20:35:20.733"/>
</kw>
<status status="PASS" starttime="20240512 20:35:17.202" endtime="20240512 20:35:20.733"/>
</kw>
<kw name="Adjust Product Quantity" library="productdetailpage">
<arg>2</arg>
<doc>The step to modify the quantity to be added to the cart.
The arguemnts is to set the quantity</doc>
<kw name="Click Element" library="SeleniumLibrary">
<arg>${Quantity_Plus_btn}</arg>
<doc>Click the element identified by ``locator``.</doc>
<msg timestamp="20240512 20:35:20.734" level="INFO">Clicking element 'xpath: //*[@id="productProperties"]/div[2]/e-sec-plus-minus/div/div[3]'.</msg>
<status status="PASS" starttime="20240512 20:35:20.733" endtime="20240512 20:35:23.266"/>
</kw>
<status status="PASS" starttime="20240512 20:35:20.733" endtime="20240512 20:35:23.267"/>
</kw>
<kw name="Add to Cart" library="productdetailpage">
<doc>The step to add the product to the cart.</doc>
<kw name="Click Button" library="SeleniumLibrary">
<arg>${Add_To_Cart_btn}</arg>
<doc>Clicks the button identified by ``locator``.</doc>
<msg timestamp="20240512 20:35:23.268" level="INFO">Clicking button 'ADD TO CART'.</msg>
<status status="PASS" starttime="20240512 20:35:23.267" endtime="20240512 20:35:27.357"/>
</kw>
<status status="PASS" starttime="20240512 20:35:23.267" endtime="20240512 20:35:27.357"/>
</kw>
<kw name="Go Checkout" library="productdetailpage">
<kw name="Get Element Count" library="SeleniumLibrary">
<var>${cnt}</var>
<arg>${Checkout_btn}</arg>
<doc>Returns the number of elements matching ``locator``.</doc>
<msg timestamp="20240512 20:35:27.886" level="INFO">${cnt} = 1</msg>
<status status="PASS" starttime="20240512 20:35:27.361" endtime="20240512 20:35:27.886"/>
</kw>
<if>
<branch type="IF" condition="${cnt} == 0">
<kw name="Click Element" library="SeleniumLibrary">
<arg>${Cart_btn}</arg>
<doc>Click the element identified by ``locator``.</doc>
<status status="NOT RUN" starttime="20240512 20:35:27.887" endtime="20240512 20:35:27.887"/>
</kw>
<status status="NOT RUN" starttime="20240512 20:35:27.887" endtime="20240512 20:35:27.887"/>
</branch>
<status status="PASS" starttime="20240512 20:35:27.887" endtime="20240512 20:35:27.887"/>
</if>
<kw name="Click Button" library="SeleniumLibrary">
<arg>${Checkout_btn}</arg>
<doc>Clicks the button identified by ``locator``.</doc>
<msg timestamp="20240512 20:35:27.888" level="INFO">Clicking button 'id: checkOutPopUp'.</msg>
<status status="PASS" starttime="20240512 20:35:27.887" endtime="20240512 20:35:30.501"/>
</kw>
<status status="PASS" starttime="20240512 20:35:27.358" endtime="20240512 20:35:30.502"/>
</kw>
<kw name="Put an Order As newuser With ${row}[USERNAME] ${row}[PASSWORD] AND ${row}[EMAIL]" library="orderpaymentpage" sourcename="Put an Order As ${newuser} With ${username} ${password} AND ${emailaddress}">
<kw name="Convert To Lower Case" library="String">
<var>${newuser_lowercase}</var>
<arg>${newuser}</arg>
<doc>Converts string to lower case.</doc>
<msg timestamp="20240512 20:35:30.503" level="INFO">${newuser_lowercase} = newuser</msg>
<status status="PASS" starttime="20240512 20:35:30.503" endtime="20240512 20:35:30.503"/>
</kw>
<if>
<branch type="IF" condition="$newuser_lowercase == 'newuser'">
<kw name="Click Button" library="SeleniumLibrary">
<arg>${Order_Registration_btn}</arg>
<doc>Clicks the button identified by ``locator``.</doc>
<msg timestamp="20240512 20:35:30.504" level="INFO">Clicking button 'REGISTRATION'.</msg>
<status status="PASS" starttime="20240512 20:35:30.504" endtime="20240512 20:35:34.611"/>
</kw>
<kw name="User Registratrion" library="userprofile">
<var>${bSuccess}</var>
<arg>${username}</arg>
<arg>${password}</arg>
<arg>${emailaddress}</arg>
<kw name="Input Text" library="SeleniumLibrary">
<arg>${Registration_Username}</arg>
<arg>${username}</arg>
<doc>Types the given ``text`` into the text field identified by ``locator``.</doc>
<msg timestamp="20240512 20:35:34.612" level="INFO">Typing text 'Cangsang' into text field 'name: usernameRegisterPage'.</msg>
<status status="PASS" starttime="20240512 20:35:34.612" endtime="20240512 20:35:36.318"/>
</kw>
<kw name="Input Text" library="SeleniumLibrary">
<arg>${Registration_Email}</arg>
<arg>${emailaddress}</arg>
<doc>Types the given ``text`` into the text field identified by ``locator``.</doc>
<msg timestamp="20240512 20:35:36.319" level="INFO">Typing text 'watercloset@demo.com' into text field 'name: emailRegisterPage'.</msg>
<status status="PASS" starttime="20240512 20:35:36.318" endtime="20240512 20:35:38.222"/>
</kw>
<kw name="Input Password" library="SeleniumLibrary">
<arg>${Registration_Password}</arg>
<arg>${password}</arg>
<doc>Types the given password into the text field identified by ``locator``.</doc>
<msg timestamp="20240512 20:35:38.224" level="INFO">Typing password into text field 'name: passwordRegisterPage'.</msg>
<msg timestamp="20240512 20:35:39.418" level="INFO">Temporally setting log level to: NONE</msg>
<msg timestamp="20240512 20:35:40.178" level="INFO">Log level changed from NONE to INFO.</msg>
<status status="PASS" starttime="20240512 20:35:38.223" endtime="20240512 20:35:40.178"/>
</kw>
<kw name="Input Password" library="SeleniumLibrary">
<arg>${Registration_Confirm_Password}</arg>
<arg>${password}</arg>
<doc>Types the given password into the text field identified by ``locator``.</doc>
<msg timestamp="20240512 20:35:40.179" level="INFO">Typing password into text field 'name: confirm_passwordRegisterPage'.</msg>
<msg timestamp="20240512 20:35:41.343" level="INFO">Temporally setting log level to: NONE</msg>
<msg timestamp="20240512 20:35:41.959" level="INFO">Log level changed from NONE to INFO.</msg>
<status status="PASS" starttime="20240512 20:35:40.178" endtime="20240512 20:35:41.959"/>
</kw>
<kw name="Scroll Element Into View" library="SeleniumLibrary">
<arg>id: register_btn</arg>
<doc>Scrolls the element identified by ``locator`` into view.</doc>
<status status="PASS" starttime="20240512 20:35:41.960" endtime="20240512 20:35:43.287"/>
</kw>
<kw name="Select Checkbox" library="SeleniumLibrary">
<arg>${i_agree_checkbox}</arg>
<doc>Selects the checkbox identified by ``locator``.</doc>
<msg timestamp="20240512 20:35:43.288" level="INFO">Selecting checkbox 'name: i_agree'.</msg>
<status status="PASS" starttime="20240512 20:35:43.288" endtime="20240512 20:35:46.135"/>
</kw>
<kw name="Click Button" library="SeleniumLibrary">
<arg>${Register_btn}</arg>
<doc>Clicks the button identified by ``locator``.</doc>
<msg timestamp="20240512 20:35:46.140" level="INFO">Clicking button 'REGISTER'.</msg>
<status status="PASS" starttime="20240512 20:35:46.140" endtime="20240512 20:35:50.265"/>
</kw>
<kw name="Get Text" library="SeleniumLibrary">
<var>${userexists}</var>
<arg>${User_Exists_txt}</arg>
<doc>Returns the text value of the element identified by ``locator``.</doc>
<msg timestamp="20240512 20:35:51.309" level="INFO">${userexists} = User name already exists</msg>
<status status="PASS" starttime="20240512 20:35:50.266" endtime="20240512 20:35:51.310"/>
</kw>
<if>
<branch type="IF" condition="$userexists == 'User name already exists'">
<return>
<value>${False}</value>
<status status="PASS" starttime="20240512 20:35:51.310" endtime="20240512 20:35:51.311"/>
</return>
<status status="PASS" starttime="20240512 20:35:51.310" endtime="20240512 20:35:51.311"/>
</branch>
<branch type="ELSE">
<return>
<value>${True}</value>
<status status="NOT RUN" starttime="20240512 20:35:51.311" endtime="20240512 20:35:51.311"/>
</return>
<status status="NOT RUN" starttime="20240512 20:35:51.311" endtime="20240512 20:35:51.311"/>
</branch>
<status status="PASS" starttime="20240512 20:35:51.310" endtime="20240512 20:35:51.311"/>
</if>
<msg timestamp="20240512 20:35:51.311" level="INFO">${bSuccess} = False</msg>
<status status="PASS" starttime="20240512 20:35:34.611" endtime="20240512 20:35:51.311"/>
</kw>
<if>
<branch type="IF" condition="$bSuccess == ${False}">
<kw name="Go Back" library="SeleniumLibrary">
<doc>Simulates the user clicking the back button on their browser.</doc>
<status status="PASS" starttime="20240512 20:35:51.312" endtime="20240512 20:35:51.865"/>
</kw>
<kw name="Quick Login" library="userprofile">
<arg>${username}</arg>
<arg>${password}</arg>
<kw name="Input Text" library="SeleniumLibrary">
<arg>${Quicklogin_Username_txtfield}</arg>
<arg>${username}</arg>
<arg>clear=True</arg>
<doc>Types the given ``text`` into the text field identified by ``locator``.</doc>
<msg timestamp="20240512 20:35:51.867" level="INFO">Typing text 'Cangsang' into text field 'name: usernameInOrderPayment'.</msg>
<status status="PASS" starttime="20240512 20:35:51.866" endtime="20240512 20:35:53.466"/>
</kw>
<kw name="Input Password" library="SeleniumLibrary">
<arg>${Quicklogin_Password_txtfield}</arg>
<arg>${password}</arg>
<arg>clear=True</arg>
<doc>Types the given password into the text field identified by ``locator``.</doc>
<msg timestamp="20240512 20:35:53.467" level="INFO">Typing password into text field 'name: passwordInOrderPayment'.</msg>
<msg timestamp="20240512 20:35:54.514" level="INFO">Temporally setting log level to: NONE</msg>
<msg timestamp="20240512 20:35:55.098" level="INFO">Log level changed from NONE to INFO.</msg>
<status status="PASS" starttime="20240512 20:35:53.466" endtime="20240512 20:35:55.098"/>
</kw>
<kw name="Click Button" library="SeleniumLibrary">
<arg>${QuickLogin_Login_btn}</arg>
<doc>Clicks the button identified by ``locator``.</doc>
<msg timestamp="20240512 20:35:55.099" level="INFO">Clicking button 'LOGIN'.</msg>
<status status="PASS" starttime="20240512 20:35:55.098" endtime="20240512 20:35:59.197"/>
</kw>
<status status="PASS" starttime="20240512 20:35:51.865" endtime="20240512 20:35:59.197"/>
</kw>
<status status="PASS" starttime="20240512 20:35:51.311" endtime="20240512 20:35:59.197"/>
</branch>
<status status="PASS" starttime="20240512 20:35:51.311" endtime="20240512 20:35:59.198"/>
</if>
<status status="PASS" starttime="20240512 20:35:30.503" endtime="20240512 20:35:59.198"/>
</branch>
<branch type="ELSE">
<kw name="Quick Login" library="userprofile">
<arg>${username}</arg>
<arg>${password}</arg>
<status status="NOT RUN" starttime="20240512 20:35:59.198" endtime="20240512 20:35:59.198"/>
</kw>
<status status="NOT RUN" starttime="20240512 20:35:59.198" endtime="20240512 20:35:59.198"/>
</branch>
<status status="PASS" starttime="20240512 20:35:30.503" endtime="20240512 20:35:59.198"/>
</if>
<kw name="Click Button" library="SeleniumLibrary">
<arg>NEXT</arg>
<doc>Clicks the button identified by ``locator``.</doc>
<msg timestamp="20240512 20:35:59.199" level="INFO">Clicking button 'NEXT'.</msg>
<status status="PASS" starttime="20240512 20:35:59.198" endtime="20240512 20:36:03.331"/>
</kw>
<kw name="Input Text" library="SeleniumLibrary">
<arg>name: safepay_username</arg>
<arg>${username}</arg>
<arg>clear=True</arg>
<doc>Types the given ``text`` into the text field identified by ``locator``.</doc>
<msg timestamp="20240512 20:36:03.332" level="INFO">Typing text 'Cangsang' into text field 'name: safepay_username'.</msg>
<status status="PASS" starttime="20240512 20:36:03.332" endtime="20240512 20:36:05.082"/>
</kw>
<kw name="Input Password" library="SeleniumLibrary">
<arg>name: safepay_password</arg>
<arg>${password}</arg>
<arg>clear=True</arg>
<doc>Types the given password into the text field identified by ``locator``.</doc>
<msg timestamp="20240512 20:36:05.083" level="INFO">Typing password into text field 'name: safepay_password'.</msg>
<msg timestamp="20240512 20:36:06.303" level="INFO">Temporally setting log level to: NONE</msg>
<msg timestamp="20240512 20:36:06.894" level="INFO">Log level changed from NONE to INFO.</msg>
<status status="PASS" starttime="20240512 20:36:05.082" endtime="20240512 20:36:06.894"/>
</kw>
<kw name="Click Button" library="SeleniumLibrary">
<arg>PAY NOW</arg>
<doc>Clicks the button identified by ``locator``.</doc>
<msg timestamp="20240512 20:36:06.895" level="INFO">Clicking button 'PAY NOW'.</msg>
<status status="PASS" starttime="20240512 20:36:06.894" endtime="20240512 20:36:11.016"/>
</kw>
<status status="PASS" starttime="20240512 20:35:30.502" endtime="20240512 20:36:11.016"/>
</kw>
<kw name="Order Shoulbe be Put Successfully with Text Thank you for buying with Advantage" library="orderpaymentpage" sourcename="Order Shoulbe be Put Successfully with Text ${paymentsuccessfully}">
<kw name="Element Attribute Value Should Be" library="SeleniumLibrary">
<arg>//*[@id="orderPaymentSuccess"]/h2/span</arg>
<arg>innerText</arg>
<arg>${paymentsuccessfully}</arg>
<doc>Verifies element identified by ``locator`` contains expected attribute value.</doc>
<msg timestamp="20240512 20:36:12.237" level="INFO">Element '//*[@id="orderPaymentSuccess"]/h2/span' attribute 'innerText' contains value 'Thank you for buying with Advantage'.</msg>
<status status="PASS" starttime="20240512 20:36:11.018" endtime="20240512 20:36:12.237"/>
</kw>
<status status="PASS" starttime="20240512 20:36:11.017" endtime="20240512 20:36:12.237"/>
</kw>
<kw name="User Logout" library="userprofile">
<kw name="Click Element" library="SeleniumLibrary">
<arg>${User_btn}</arg>
<doc>Click the element identified by ``locator``.</doc>
<msg timestamp="20240512 20:36:12.238" level="INFO">Clicking element 'id: menuUser'.</msg>
<status status="PASS" starttime="20240512 20:36:12.238" endtime="20240512 20:36:13.306"/>
</kw>
<kw name="Click Element" library="SeleniumLibrary">
<arg>${Logout_btn}</arg>
<doc>Click the element identified by ``locator``.</doc>
<msg timestamp="20240512 20:36:13.307" level="INFO">Clicking element '//*[@id="loginMiniTitle"]/label[3]'.</msg>
<status status="PASS" starttime="20240512 20:36:13.306" endtime="20240512 20:36:14.382"/>
</kw>
<status status="PASS" starttime="20240512 20:36:12.237" endtime="20240512 20:36:14.382"/>
</kw>
<status status="PASS" starttime="20240512 20:35:11.837" endtime="20240512 20:36:14.386"/>
</iter>
<iter>
<var name="${row}">{'USERNAME': 'Angel', 'PASSWORD': 'Angel@314', 'EMAIL': 'dolphin@test.com'}</var>
<kw name="Pick up a Catagory to View" library="homepage">
<arg>${Laptop_Img}</arg>
<kw name="Convert Elementlocator To Tuple String" library="UtilLibrary">
<var>${elementexists}</var>
<arg>${catagorylocator}</arg>
<doc>Convert element locator from string to a string like a tuple so that it could
be used in Evaluate function and check the element condition with
Wait For statement.</doc>
<msg timestamp="20240512 20:36:14.391" level="INFO">Concat String is: 'id','laptopsImg'</msg>
<msg timestamp="20240512 20:36:14.392" level="INFO">${elementexists} = ('id','laptopsImg')</msg>
<status status="PASS" starttime="20240512 20:36:14.391" endtime="20240512 20:36:14.392"/>
</kw>
<kw name="Evaluate" library="BuiltIn">
<var>${elementexists}</var>
<arg>${elementexists}</arg>
<doc>Evaluates the given expression in Python and returns the result.</doc>
<msg timestamp="20240512 20:36:14.392" level="INFO">${elementexists} = ('id', 'laptopsImg')</msg>
<status status="PASS" starttime="20240512 20:36:14.392" endtime="20240512 20:36:14.392"/>
</kw>
<kw name="Wait For Expected Condition" library="SeleniumLibrary">
<arg>Element To Be Clickable</arg>
<arg>${elementexists}</arg>
<arg>timeout=10</arg>
<doc>Waits until ``condition`` is true or ``timeout`` expires.</doc>
<status status="PASS" starttime="20240512 20:36:14.394" endtime="20240512 20:36:16.040"/>
</kw>
<kw name="Click Element" library="SeleniumLibrary">
<arg>${catagorylocator}</arg>
<doc>Click the element identified by ``locator``.</doc>
<msg timestamp="20240512 20:36:16.040" level="INFO">Clicking element 'id: laptopsImg'.</msg>
<status status="PASS" starttime="20240512 20:36:16.040" endtime="20240512 20:36:17.155"/>
</kw>
<status status="PASS" starttime="20240512 20:36:14.391" endtime="20240512 20:36:17.155"/>
</kw>
<kw name="Pick up a Product to View" library="productcatagorypage">
<arg>${HP_Envy_Laptop_Img}</arg>
<kw name="Click Image" library="SeleniumLibrary">
<arg>${productlocator}</arg>
<doc>Clicks an image identified by ``locator``.</doc>
<msg timestamp="20240512 20:36:17.156" level="INFO">Clicking image 'id: 7'.</msg>
<status status="PASS" starttime="20240512 20:36:17.156" endtime="20240512 20:36:18.858"/>
</kw>
<status status="PASS" starttime="20240512 20:36:17.155" endtime="20240512 20:36:18.859"/>
</kw>
<kw name="Adjust Product Quantity" library="productdetailpage">
<arg>2</arg>
<doc>The step to modify the quantity to be added to the cart.
The arguemnts is to set the quantity</doc>
<kw name="Click Element" library="SeleniumLibrary">
<arg>${Quantity_Plus_btn}</arg>
<doc>Click the element identified by ``locator``.</doc>
<msg timestamp="20240512 20:36:18.860" level="INFO">Clicking element 'xpath: //*[@id="productProperties"]/div[2]/e-sec-plus-minus/div/div[3]'.</msg>
<status status="PASS" starttime="20240512 20:36:18.859" endtime="20240512 20:36:19.907"/>
</kw>
<status status="PASS" starttime="20240512 20:36:18.859" endtime="20240512 20:36:19.907"/>
</kw>
<kw name="Add to Cart" library="productdetailpage">
<doc>The step to add the product to the cart.</doc>
<kw name="Click Button" library="SeleniumLibrary">
<arg>${Add_To_Cart_btn}</arg>
<doc>Clicks the button identified by ``locator``.</doc>
<msg timestamp="20240512 20:36:19.908" level="INFO">Clicking button 'ADD TO CART'.</msg>
<status status="PASS" starttime="20240512 20:36:19.907" endtime="20240512 20:36:24.014"/>
</kw>
<status status="PASS" starttime="20240512 20:36:19.907" endtime="20240512 20:36:24.014"/>
</kw>
<kw name="Go Checkout" library="productdetailpage">
<kw name="Get Element Count" library="SeleniumLibrary">
<var>${cnt}</var>
<arg>${Checkout_btn}</arg>
<doc>Returns the number of elements matching ``locator``.</doc>
<msg timestamp="20240512 20:36:24.536" level="INFO">${cnt} = 1</msg>
<status status="PASS" starttime="20240512 20:36:24.015" endtime="20240512 20:36:24.536"/>
</kw>
<if>
<branch type="IF" condition="${cnt} == 0">
<kw name="Click Element" library="SeleniumLibrary">
<arg>${Cart_btn}</arg>
<doc>Click the element identified by ``locator``.</doc>
<status status="NOT RUN" starttime="20240512 20:36:24.541" endtime="20240512 20:36:24.541"/>
</kw>
<status status="NOT RUN" starttime="20240512 20:36:24.540" endtime="20240512 20:36:24.542"/>
</branch>
<status status="PASS" starttime="20240512 20:36:24.540" endtime="20240512 20:36:24.542"/>
</if>
<kw name="Click Button" library="SeleniumLibrary">
<arg>${Checkout_btn}</arg>
<doc>Clicks the button identified by ``locator``.</doc>
<msg timestamp="20240512 20:36:24.545" level="INFO">Clicking button 'id: checkOutPopUp'.</msg>
<status status="PASS" starttime="20240512 20:36:24.543" endtime="20240512 20:36:27.173"/>
</kw>
<status status="PASS" starttime="20240512 20:36:24.015" endtime="20240512 20:36:27.173"/>
</kw>
<kw name="Put an Order As newuser With ${row}[USERNAME] ${row}[PASSWORD] AND ${row}[EMAIL]" library="orderpaymentpage" sourcename="Put an Order As ${newuser} With ${username} ${password} AND ${emailaddress}">
<kw name="Convert To Lower Case" library="String">
<var>${newuser_lowercase}</var>
<arg>${newuser}</arg>
<doc>Converts string to lower case.</doc>
<msg timestamp="20240512 20:36:27.174" level="INFO">${newuser_lowercase} = newuser</msg>
<status status="PASS" starttime="20240512 20:36:27.174" endtime="20240512 20:36:27.174"/>
</kw>
<if>
<branch type="IF" condition="$newuser_lowercase == 'newuser'">
<kw name="Click Button" library="SeleniumLibrary">
<arg>${Order_Registration_btn}</arg>
<doc>Clicks the button identified by ``locator``.</doc>
<msg timestamp="20240512 20:36:27.176" level="INFO">Clicking button 'REGISTRATION'.</msg>
<status status="PASS" starttime="20240512 20:36:27.175" endtime="20240512 20:36:31.475"/>
</kw>
<kw name="User Registratrion" library="userprofile">
<var>${bSuccess}</var>
<arg>${username}</arg>
<arg>${password}</arg>
<arg>${emailaddress}</arg>
<kw name="Input Text" library="SeleniumLibrary">
<arg>${Registration_Username}</arg>
<arg>${username}</arg>
<doc>Types the given ``text`` into the text field identified by ``locator``.</doc>
<msg timestamp="20240512 20:36:31.478" level="INFO">Typing text 'Angel' into text field 'name: usernameRegisterPage'.</msg>
<status status="PASS" starttime="20240512 20:36:31.477" endtime="20240512 20:36:33.083"/>
</kw>
<kw name="Input Text" library="SeleniumLibrary">
<arg>${Registration_Email}</arg>
<arg>${emailaddress}</arg>
<doc>Types the given ``text`` into the text field identified by ``locator``.</doc>
<msg timestamp="20240512 20:36:33.084" level="INFO">Typing text 'dolphin@test.com' into text field 'name: emailRegisterPage'.</msg>
<status status="PASS" starttime="20240512 20:36:33.083" endtime="20240512 20:36:34.771"/>
</kw>
<kw name="Input Password" library="SeleniumLibrary">
<arg>${Registration_Password}</arg>
<arg>${password}</arg>
<doc>Types the given password into the text field identified by ``locator``.</doc>
<msg timestamp="20240512 20:36:34.772" level="INFO">Typing password into text field 'name: passwordRegisterPage'.</msg>
<msg timestamp="20240512 20:36:35.820" level="INFO">Temporally setting log level to: NONE</msg>
<msg timestamp="20240512 20:36:36.422" level="INFO">Log level changed from NONE to INFO.</msg>
<status status="PASS" starttime="20240512 20:36:34.771" endtime="20240512 20:36:36.422"/>
</kw>
<kw name="Input Password" library="SeleniumLibrary">
<arg>${Registration_Confirm_Password}</arg>
<arg>${password}</arg>
<doc>Types the given password into the text field identified by ``locator``.</doc>
<msg timestamp="20240512 20:36:36.423" level="INFO">Typing password into text field 'name: confirm_passwordRegisterPage'.</msg>
<msg timestamp="20240512 20:36:37.468" level="INFO">Temporally setting log level to: NONE</msg>
<msg timestamp="20240512 20:36:38.062" level="INFO">Log level changed from NONE to INFO.</msg>
<status status="PASS" starttime="20240512 20:36:36.422" endtime="20240512 20:36:38.062"/>
</kw>
<kw name="Scroll Element Into View" library="SeleniumLibrary">
<arg>id: register_btn</arg>
<doc>Scrolls the element identified by ``locator`` into view.</doc>
<status status="PASS" starttime="20240512 20:36:38.064" endtime="20240512 20:36:39.356"/>
</kw>
<kw name="Select Checkbox" library="SeleniumLibrary">
<arg>${i_agree_checkbox}</arg>
<doc>Selects the checkbox identified by ``locator``.</doc>
<msg timestamp="20240512 20:36:39.356" level="INFO">Selecting checkbox 'name: i_agree'.</msg>
<status status="PASS" starttime="20240512 20:36:39.356" endtime="20240512 20:36:41.961"/>
</kw>
<kw name="Click Button" library="SeleniumLibrary">
<arg>${Register_btn}</arg>
<doc>Clicks the button identified by ``locator``.</doc>
<msg timestamp="20240512 20:36:41.962" level="INFO">Clicking button 'REGISTER'.</msg>
<status status="PASS" starttime="20240512 20:36:41.962" endtime="20240512 20:36:46.064"/>
</kw>
<kw name="Get Text" library="SeleniumLibrary">
<var>${userexists}</var>
<arg>${User_Exists_txt}</arg>
<doc>Returns the text value of the element identified by ``locator``.</doc>
<msg timestamp="20240512 20:36:47.095" level="INFO">${userexists} = User name already exists</msg>
<status status="PASS" starttime="20240512 20:36:46.065" endtime="20240512 20:36:47.095"/>
</kw>
<if>
<branch type="IF" condition="$userexists == 'User name already exists'">
<return>
<value>${False}</value>
<status status="PASS" starttime="20240512 20:36:47.098" endtime="20240512 20:36:47.099"/>
</return>
<status status="PASS" starttime="20240512 20:36:47.095" endtime="20240512 20:36:47.099"/>
</branch>
<branch type="ELSE">
<return>
<value>${True}</value>
<status status="NOT RUN" starttime="20240512 20:36:47.100" endtime="20240512 20:36:47.100"/>
</return>
<status status="NOT RUN" starttime="20240512 20:36:47.099" endtime="20240512 20:36:47.100"/>
</branch>
<status status="PASS" starttime="20240512 20:36:47.095" endtime="20240512 20:36:47.100"/>
</if>
<msg timestamp="20240512 20:36:47.100" level="INFO">${bSuccess} = False</msg>
<status status="PASS" starttime="20240512 20:36:31.476" endtime="20240512 20:36:47.100"/>
</kw>
<if>
<branch type="IF" condition="$bSuccess == ${False}">
<kw name="Go Back" library="SeleniumLibrary">
<doc>Simulates the user clicking the back button on their browser.</doc>
<status status="PASS" starttime="20240512 20:36:47.101" endtime="20240512 20:36:47.640"/>
</kw>
<kw name="Quick Login" library="userprofile">
<arg>${username}</arg>
<arg>${password}</arg>
<kw name="Input Text" library="SeleniumLibrary">
<arg>${Quicklogin_Username_txtfield}</arg>
<arg>${username}</arg>
<arg>clear=True</arg>
<doc>Types the given ``text`` into the text field identified by ``locator``.</doc>
<msg timestamp="20240512 20:36:47.641" level="INFO">Typing text 'Angel' into text field 'name: usernameInOrderPayment'.</msg>
<status status="PASS" starttime="20240512 20:36:47.641" endtime="20240512 20:36:49.238"/>
</kw>
<kw name="Input Password" library="SeleniumLibrary">
<arg>${Quicklogin_Password_txtfield}</arg>
<arg>${password}</arg>
<arg>clear=True</arg>
<doc>Types the given password into the text field identified by ``locator``.</doc>
<msg timestamp="20240512 20:36:49.239" level="INFO">Typing password into text field 'name: passwordInOrderPayment'.</msg>
<msg timestamp="20240512 20:36:50.285" level="INFO">Temporally setting log level to: NONE</msg>
<msg timestamp="20240512 20:36:50.853" level="INFO">Log level changed from NONE to INFO.</msg>
<status status="PASS" starttime="20240512 20:36:49.238" endtime="20240512 20:36:50.853"/>
</kw>
<kw name="Click Button" library="SeleniumLibrary">
<arg>${QuickLogin_Login_btn}</arg>
<doc>Clicks the button identified by ``locator``.</doc>
<msg timestamp="20240512 20:36:50.855" level="INFO">Clicking button 'LOGIN'.</msg>
<status status="PASS" starttime="20240512 20:36:50.854" endtime="20240512 20:36:54.975"/>
</kw>
<status status="PASS" starttime="20240512 20:36:47.641" endtime="20240512 20:36:54.976"/>
</kw>
<status status="PASS" starttime="20240512 20:36:47.100" endtime="20240512 20:36:54.976"/>
</branch>
<status status="PASS" starttime="20240512 20:36:47.100" endtime="20240512 20:36:54.976"/>
</if>
<status status="PASS" starttime="20240512 20:36:27.175" endtime="20240512 20:36:54.976"/>
</branch>
<branch type="ELSE">
<kw name="Quick Login" library="userprofile">
<arg>${username}</arg>
<arg>${password}</arg>
<status status="NOT RUN" starttime="20240512 20:36:54.976" endtime="20240512 20:36:54.976"/>
</kw>
<status status="NOT RUN" starttime="20240512 20:36:54.976" endtime="20240512 20:36:54.976"/>
</branch>
<status status="PASS" starttime="20240512 20:36:27.174" endtime="20240512 20:36:54.976"/>
</if>
<kw name="Click Button" library="SeleniumLibrary">
<arg>NEXT</arg>
<doc>Clicks the button identified by ``locator``.</doc>
<msg timestamp="20240512 20:36:54.977" level="INFO">Clicking button 'NEXT'.</msg>
<status status="PASS" starttime="20240512 20:36:54.976" endtime="20240512 20:36:59.077"/>
</kw>
<kw name="Input Text" library="SeleniumLibrary">
<arg>name: safepay_username</arg>
<arg>${username}</arg>
<arg>clear=True</arg>
<doc>Types the given ``text`` into the text field identified by ``locator``.</doc>
<msg timestamp="20240512 20:36:59.078" level="INFO">Typing text 'Angel' into text field 'name: safepay_username'.</msg>
<status status="PASS" starttime="20240512 20:36:59.078" endtime="20240512 20:37:00.716"/>
</kw>
<kw name="Input Password" library="SeleniumLibrary">
<arg>name: safepay_password</arg>
<arg>${password}</arg>
<arg>clear=True</arg>
<doc>Types the given password into the text field identified by ``locator``.</doc>
<msg timestamp="20240512 20:37:00.720" level="INFO">Typing password into text field 'name: safepay_password'.</msg>
<msg timestamp="20240512 20:37:01.776" level="INFO">Temporally setting log level to: NONE</msg>
<msg timestamp="20240512 20:37:02.351" level="INFO">Log level changed from NONE to INFO.</msg>
<status status="PASS" starttime="20240512 20:37:00.718" endtime="20240512 20:37:02.351"/>
</kw>
<kw name="Click Button" library="SeleniumLibrary">
<arg>PAY NOW</arg>
<doc>Clicks the button identified by ``locator``.</doc>
<msg timestamp="20240512 20:37:02.352" level="INFO">Clicking button 'PAY NOW'.</msg>
<status status="PASS" starttime="20240512 20:37:02.351" endtime="20240512 20:37:06.469"/>
</kw>
<status status="PASS" starttime="20240512 20:36:27.173" endtime="20240512 20:37:06.469"/>
</kw>
<kw name="Order Shoulbe be Put Successfully with Text Thank you for buying with Advantage" library="orderpaymentpage" sourcename="Order Shoulbe be Put Successfully with Text ${paymentsuccessfully}">
<kw name="Element Attribute Value Should Be" library="SeleniumLibrary">
<arg>//*[@id="orderPaymentSuccess"]/h2/span</arg>
<arg>innerText</arg>
<arg>${paymentsuccessfully}</arg>
<doc>Verifies element identified by ``locator`` contains expected attribute value.</doc>
<msg timestamp="20240512 20:37:07.502" level="INFO">Element '//*[@id="orderPaymentSuccess"]/h2/span' attribute 'innerText' contains value 'Thank you for buying with Advantage'.</msg>
<status status="PASS" starttime="20240512 20:37:06.470" endtime="20240512 20:37:07.502"/>
</kw>
<status status="PASS" starttime="20240512 20:37:06.469" endtime="20240512 20:37:07.502"/>
</kw>
<kw name="User Logout" library="userprofile">
<kw name="Click Element" library="SeleniumLibrary">
<arg>${User_btn}</arg>
<doc>Click the element identified by ``locator``.</doc>
<msg timestamp="20240512 20:37:07.502" level="INFO">Clicking element 'id: menuUser'.</msg>
<status status="PASS" starttime="20240512 20:37:07.502" endtime="20240512 20:37:08.553"/>
</kw>
<kw name="Click Element" library="SeleniumLibrary">
<arg>${Logout_btn}</arg>
<doc>Click the element identified by ``locator``.</doc>
<msg timestamp="20240512 20:37:08.554" level="INFO">Clicking element '//*[@id="loginMiniTitle"]/label[3]'.</msg>
<status status="PASS" starttime="20240512 20:37:08.554" endtime="20240512 20:37:09.628"/>
</kw>
<status status="PASS" starttime="20240512 20:37:07.502" endtime="20240512 20:37:09.628"/>
</kw>
<status status="PASS" starttime="20240512 20:36:14.390" endtime="20240512 20:37:09.628"/>
</iter>
<iter>
<var name="${row}">{'USERNAME': 'JoyWang', 'PASSWORD': 'JoyWang@301', 'EMAIL': 'joyw@gmail.com'}</var>
<kw name="Pick up a Catagory to View" library="homepage">
<arg>${Laptop_Img}</arg>
<kw name="Convert Elementlocator To Tuple String" library="UtilLibrary">
<var>${elementexists}</var>
<arg>${catagorylocator}</arg>
<doc>Convert element locator from string to a string like a tuple so that it could
be used in Evaluate function and check the element condition with
Wait For statement.</doc>
<msg timestamp="20240512 20:37:09.630" level="INFO">Concat String is: 'id','laptopsImg'</msg>
<msg timestamp="20240512 20:37:09.630" level="INFO">${elementexists} = ('id','laptopsImg')</msg>
<status status="PASS" starttime="20240512 20:37:09.629" endtime="20240512 20:37:09.630"/>
</kw>
<kw name="Evaluate" library="BuiltIn">
<var>${elementexists}</var>
<arg>${elementexists}</arg>
<doc>Evaluates the given expression in Python and returns the result.</doc>
<msg timestamp="20240512 20:37:09.630" level="INFO">${elementexists} = ('id', 'laptopsImg')</msg>
<status status="PASS" starttime="20240512 20:37:09.630" endtime="20240512 20:37:09.630"/>
</kw>
<kw name="Wait For Expected Condition" library="SeleniumLibrary">
<arg>Element To Be Clickable</arg>
<arg>${elementexists}</arg>
<arg>timeout=10</arg>
<doc>Waits until ``condition`` is true or ``timeout`` expires.</doc>
<status status="PASS" starttime="20240512 20:37:09.630" endtime="20240512 20:37:11.173"/>
</kw>
<kw name="Click Element" library="SeleniumLibrary">
<arg>${catagorylocator}</arg>
<doc>Click the element identified by ``locator``.</doc>
<msg timestamp="20240512 20:37:11.174" level="INFO">Clicking element 'id: laptopsImg'.</msg>
<status status="PASS" starttime="20240512 20:37:11.173" endtime="20240512 20:37:12.267"/>
</kw>
<status status="PASS" starttime="20240512 20:37:09.629" endtime="20240512 20:37:12.267"/>
</kw>
<kw name="Pick up a Product to View" library="productcatagorypage">
<arg>${HP_Envy_Laptop_Img}</arg>
<kw name="Click Image" library="SeleniumLibrary">
<arg>${productlocator}</arg>
<doc>Clicks an image identified by ``locator``.</doc>
<msg timestamp="20240512 20:37:12.268" level="INFO">Clicking image 'id: 7'.</msg>
<status status="PASS" starttime="20240512 20:37:12.268" endtime="20240512 20:37:13.875"/>
</kw>
<status status="PASS" starttime="20240512 20:37:12.267" endtime="20240512 20:37:13.876"/>
</kw>
<kw name="Adjust Product Quantity" library="productdetailpage">
<arg>2</arg>
<doc>The step to modify the quantity to be added to the cart.
The arguemnts is to set the quantity</doc>
<kw name="Click Element" library="SeleniumLibrary">
<arg>${Quantity_Plus_btn}</arg>
<doc>Click the element identified by ``locator``.</doc>
<msg timestamp="20240512 20:37:13.878" level="INFO">Clicking element 'xpath: //*[@id="productProperties"]/div[2]/e-sec-plus-minus/div/div[3]'.</msg>
<status status="PASS" starttime="20240512 20:37:13.877" endtime="20240512 20:37:14.937"/>
</kw>
<status status="PASS" starttime="20240512 20:37:13.876" endtime="20240512 20:37:14.937"/>
</kw>
<kw name="Add to Cart" library="productdetailpage">
<doc>The step to add the product to the cart.</doc>
<kw name="Click Button" library="SeleniumLibrary">
<arg>${Add_To_Cart_btn}</arg>
<doc>Clicks the button identified by ``locator``.</doc>
<msg timestamp="20240512 20:37:14.939" level="INFO">Clicking button 'ADD TO CART'.</msg>
<status status="PASS" starttime="20240512 20:37:14.938" endtime="20240512 20:37:19.075"/>
</kw>
<status status="PASS" starttime="20240512 20:37:14.938" endtime="20240512 20:37:19.075"/>
</kw>
<kw name="Go Checkout" library="productdetailpage">
<kw name="Get Element Count" library="SeleniumLibrary">
<var>${cnt}</var>
<arg>${Checkout_btn}</arg>
<doc>Returns the number of elements matching ``locator``.</doc>
<msg timestamp="20240512 20:37:19.590" level="INFO">${cnt} = 1</msg>
<status status="PASS" starttime="20240512 20:37:19.076" endtime="20240512 20:37:19.590"/>
</kw>
<if>
<branch type="IF" condition="${cnt} == 0">
<kw name="Click Element" library="SeleniumLibrary">
<arg>${Cart_btn}</arg>
<doc>Click the element identified by ``locator``.</doc>
<status status="NOT RUN" starttime="20240512 20:37:19.591" endtime="20240512 20:37:19.591"/>
</kw>
<status status="NOT RUN" starttime="20240512 20:37:19.590" endtime="20240512 20:37:19.591"/>
</branch>
<status status="PASS" starttime="20240512 20:37:19.590" endtime="20240512 20:37:19.591"/>
</if>
<kw name="Click Button" library="SeleniumLibrary">
<arg>${Checkout_btn}</arg>
<doc>Clicks the button identified by ``locator``.</doc>
<msg timestamp="20240512 20:37:19.592" level="INFO">Clicking button 'id: checkOutPopUp'.</msg>
<status status="PASS" starttime="20240512 20:37:19.591" endtime="20240512 20:37:22.199"/>
</kw>
<status status="PASS" starttime="20240512 20:37:19.075" endtime="20240512 20:37:22.200"/>
</kw>
<kw name="Put an Order As newuser With ${row}[USERNAME] ${row}[PASSWORD] AND ${row}[EMAIL]" library="orderpaymentpage" sourcename="Put an Order As ${newuser} With ${username} ${password} AND ${emailaddress}">
<kw name="Convert To Lower Case" library="String">
<var>${newuser_lowercase}</var>
<arg>${newuser}</arg>
<doc>Converts string to lower case.</doc>
<msg timestamp="20240512 20:37:22.201" level="INFO">${newuser_lowercase} = newuser</msg>
<status status="PASS" starttime="20240512 20:37:22.201" endtime="20240512 20:37:22.201"/>
</kw>
<if>
<branch type="IF" condition="$newuser_lowercase == 'newuser'">
<kw name="Click Button" library="SeleniumLibrary">
<arg>${Order_Registration_btn}</arg>
<doc>Clicks the button identified by ``locator``.</doc>
<msg timestamp="20240512 20:37:22.202" level="INFO">Clicking button 'REGISTRATION'.</msg>
<status status="PASS" starttime="20240512 20:37:22.201" endtime="20240512 20:37:26.364"/>
</kw>
<kw name="User Registratrion" library="userprofile">
<var>${bSuccess}</var>
<arg>${username}</arg>
<arg>${password}</arg>
<arg>${emailaddress}</arg>
<kw name="Input Text" library="SeleniumLibrary">
<arg>${Registration_Username}</arg>
<arg>${username}</arg>
<doc>Types the given ``text`` into the text field identified by ``locator``.</doc>
<msg timestamp="20240512 20:37:26.366" level="INFO">Typing text 'JoyWang' into text field 'name: usernameRegisterPage'.</msg>
<status status="PASS" starttime="20240512 20:37:26.365" endtime="20240512 20:37:27.999"/>
</kw>
<kw name="Input Text" library="SeleniumLibrary">
<arg>${Registration_Email}</arg>
<arg>${emailaddress}</arg>
<doc>Types the given ``text`` into the text field identified by ``locator``.</doc>
<msg timestamp="20240512 20:37:28.001" level="INFO">Typing text 'joyw@gmail.com' into text field 'name: emailRegisterPage'.</msg>
<status status="PASS" starttime="20240512 20:37:28.000" endtime="20240512 20:37:29.643"/>
</kw>
<kw name="Input Password" library="SeleniumLibrary">
<arg>${Registration_Password}</arg>
<arg>${password}</arg>
<doc>Types the given password into the text field identified by ``locator``.</doc>
<msg timestamp="20240512 20:37:29.644" level="INFO">Typing password into text field 'name: passwordRegisterPage'.</msg>
<msg timestamp="20240512 20:37:30.685" level="INFO">Temporally setting log level to: NONE</msg>
<msg timestamp="20240512 20:37:31.265" level="INFO">Log level changed from NONE to INFO.</msg>
<status status="PASS" starttime="20240512 20:37:29.643" endtime="20240512 20:37:31.266"/>
</kw>
<kw name="Input Password" library="SeleniumLibrary">
<arg>${Registration_Confirm_Password}</arg>
<arg>${password}</arg>
<doc>Types the given password into the text field identified by ``locator``.</doc>
<msg timestamp="20240512 20:37:31.269" level="INFO">Typing password into text field 'name: confirm_passwordRegisterPage'.</msg>
<msg timestamp="20240512 20:37:32.313" level="INFO">Temporally setting log level to: NONE</msg>
<msg timestamp="20240512 20:37:32.886" level="INFO">Log level changed from NONE to INFO.</msg>
<status status="PASS" starttime="20240512 20:37:31.267" endtime="20240512 20:37:32.886"/>
</kw>
<kw name="Scroll Element Into View" library="SeleniumLibrary">
<arg>id: register_btn</arg>
<doc>Scrolls the element identified by ``locator`` into view.</doc>
<status status="PASS" starttime="20240512 20:37:32.886" endtime="20240512 20:37:34.180"/>
</kw>
<kw name="Select Checkbox" library="SeleniumLibrary">
<arg>${i_agree_checkbox}</arg>
<doc>Selects the checkbox identified by ``locator``.</doc>
<msg timestamp="20240512 20:37:34.181" level="INFO">Selecting checkbox 'name: i_agree'.</msg>
<status status="PASS" starttime="20240512 20:37:34.180" endtime="20240512 20:37:36.785"/>
</kw>
<kw name="Click Button" library="SeleniumLibrary">
<arg>${Register_btn}</arg>
<doc>Clicks the button identified by ``locator``.</doc>
<msg timestamp="20240512 20:37:36.786" level="INFO">Clicking button 'REGISTER'.</msg>
<status status="PASS" starttime="20240512 20:37:36.785" endtime="20240512 20:37:40.893"/>
</kw>
<kw name="Get Text" library="SeleniumLibrary">
<var>${userexists}</var>
<arg>${User_Exists_txt}</arg>
<doc>Returns the text value of the element identified by ``locator``.</doc>
<msg timestamp="20240512 20:37:41.922" level="INFO">${userexists} = User name already exists</msg>
<status status="PASS" starttime="20240512 20:37:40.893" endtime="20240512 20:37:41.922"/>
</kw>
<if>
<branch type="IF" condition="$userexists == 'User name already exists'">
<return>
<value>${False}</value>
<status status="PASS" starttime="20240512 20:37:41.923" endtime="20240512 20:37:41.923"/>
</return>
<status status="PASS" starttime="20240512 20:37:41.923" endtime="20240512 20:37:41.923"/>
</branch>
<branch type="ELSE">
<return>
<value>${True}</value>
<status status="NOT RUN" starttime="20240512 20:37:41.923" endtime="20240512 20:37:41.923"/>
</return>
<status status="NOT RUN" starttime="20240512 20:37:41.923" endtime="20240512 20:37:41.923"/>
</branch>
<status status="PASS" starttime="20240512 20:37:41.923" endtime="20240512 20:37:41.923"/>
</if>
<msg timestamp="20240512 20:37:41.924" level="INFO">${bSuccess} = False</msg>
<status status="PASS" starttime="20240512 20:37:26.365" endtime="20240512 20:37:41.924"/>
</kw>
<if>
<branch type="IF" condition="$bSuccess == ${False}">
<kw name="Go Back" library="SeleniumLibrary">
<doc>Simulates the user clicking the back button on their browser.</doc>
<status status="PASS" starttime="20240512 20:37:41.924" endtime="20240512 20:37:42.461"/>
</kw>
<kw name="Quick Login" library="userprofile">
<arg>${username}</arg>
<arg>${password}</arg>
<kw name="Input Text" library="SeleniumLibrary">
<arg>${Quicklogin_Username_txtfield}</arg>
<arg>${username}</arg>
<arg>clear=True</arg>
<doc>Types the given ``text`` into the text field identified by ``locator``.</doc>
<msg timestamp="20240512 20:37:42.464" level="INFO">Typing text 'JoyWang' into text field 'name: usernameInOrderPayment'.</msg>
<status status="PASS" starttime="20240512 20:37:42.462" endtime="20240512 20:37:44.071"/>
</kw>
<kw name="Input Password" library="SeleniumLibrary">
<arg>${Quicklogin_Password_txtfield}</arg>
<arg>${password}</arg>
<arg>clear=True</arg>
<doc>Types the given password into the text field identified by ``locator``.</doc>
<msg timestamp="20240512 20:37:44.073" level="INFO">Typing password into text field 'name: passwordInOrderPayment'.</msg>
<msg timestamp="20240512 20:37:45.115" level="INFO">Temporally setting log level to: NONE</msg>
<msg timestamp="20240512 20:37:45.683" level="INFO">Log level changed from NONE to INFO.</msg>
<status status="PASS" starttime="20240512 20:37:44.072" endtime="20240512 20:37:45.683"/>
</kw>
<kw name="Click Button" library="SeleniumLibrary">
<arg>${QuickLogin_Login_btn}</arg>
<doc>Clicks the button identified by ``locator``.</doc>
<msg timestamp="20240512 20:37:45.684" level="INFO">Clicking button 'LOGIN'.</msg>
<status status="PASS" starttime="20240512 20:37:45.683" endtime="20240512 20:37:49.765"/>
</kw>
<status status="PASS" starttime="20240512 20:37:42.461" endtime="20240512 20:37:49.765"/>
</kw>
<status status="PASS" starttime="20240512 20:37:41.924" endtime="20240512 20:37:49.765"/>
</branch>
<status status="PASS" starttime="20240512 20:37:41.924" endtime="20240512 20:37:49.765"/>
</if>
<status status="PASS" starttime="20240512 20:37:22.201" endtime="20240512 20:37:49.765"/>
</branch>
<branch type="ELSE">
<kw name="Quick Login" library="userprofile">
<arg>${username}</arg>
<arg>${password}</arg>
<status status="NOT RUN" starttime="20240512 20:37:49.765" endtime="20240512 20:37:49.765"/>
</kw>
<status status="NOT RUN" starttime="20240512 20:37:49.765" endtime="20240512 20:37:49.765"/>
</branch>
<status status="PASS" starttime="20240512 20:37:22.201" endtime="20240512 20:37:49.766"/>
</if>
<kw name="Click Button" library="SeleniumLibrary">
<arg>NEXT</arg>
<doc>Clicks the button identified by ``locator``.</doc>
<msg timestamp="20240512 20:37:49.766" level="INFO">Clicking button 'NEXT'.</msg>
<status status="PASS" starttime="20240512 20:37:49.766" endtime="20240512 20:37:53.881"/>
</kw>
<kw name="Input Text" library="SeleniumLibrary">
<arg>name: safepay_username</arg>
<arg>${username}</arg>
<arg>clear=True</arg>
<doc>Types the given ``text`` into the text field identified by ``locator``.</doc>
<msg timestamp="20240512 20:37:53.883" level="INFO">Typing text 'JoyWang' into text field 'name: safepay_username'.</msg>
<status status="PASS" starttime="20240512 20:37:53.882" endtime="20240512 20:37:55.507"/>
</kw>
<kw name="Input Password" library="SeleniumLibrary">
<arg>name: safepay_password</arg>
<arg>${password}</arg>
<arg>clear=True</arg>
<doc>Types the given password into the text field identified by ``locator``.</doc>
<msg timestamp="20240512 20:37:55.508" level="INFO">Typing password into text field 'name: safepay_password'.</msg>
<msg timestamp="20240512 20:37:56.579" level="INFO">Temporally setting log level to: NONE</msg>
<msg timestamp="20240512 20:37:57.162" level="INFO">Log level changed from NONE to INFO.</msg>
<status status="PASS" starttime="20240512 20:37:55.507" endtime="20240512 20:37:57.163"/>
</kw>
<kw name="Click Button" library="SeleniumLibrary">
<arg>PAY NOW</arg>
<doc>Clicks the button identified by ``locator``.</doc>
<msg timestamp="20240512 20:37:57.167" level="INFO">Clicking button 'PAY NOW'.</msg>
<status status="PASS" starttime="20240512 20:37:57.163" endtime="20240512 20:38:01.274"/>
</kw>
<status status="PASS" starttime="20240512 20:37:22.200" endtime="20240512 20:38:01.274"/>
</kw>
<kw name="Order Shoulbe be Put Successfully with Text Thank you for buying with Advantage" library="orderpaymentpage" sourcename="Order Shoulbe be Put Successfully with Text ${paymentsuccessfully}">
[...]
<status status="NOT RUN" starttime="20240512 20:45:16.904" endtime="20240512 20:45:16.904"/>
</kw>
<kw name="Quick Login" library="userprofile">
<arg>${username}</arg>
<arg>${password}</arg>
<status status="NOT RUN" starttime="20240512 20:45:16.904" endtime="20240512 20:45:16.904"/>
</kw>
<status status="NOT RUN" starttime="20240512 20:45:16.904" endtime="20240512 20:45:16.904"/>
</branch>
<status status="NOT RUN" starttime="20240512 20:45:16.904" endtime="20240512 20:45:16.904"/>
</if>
<status status="NOT RUN" starttime="20240512 20:45:16.903" endtime="20240512 20:45:16.904"/>
</branch>
<branch type="ELSE">
<kw name="Quick Login" library="userprofile">
<arg>${username}</arg>
<arg>${password}</arg>
<kw name="Input Text" library="SeleniumLibrary">
<arg>${Quicklogin_Username_txtfield}</arg>
<arg>${username}</arg>
<arg>clear=True</arg>
<doc>Types the given ``text`` into the text field identified by ``locator``.</doc>
<msg timestamp="20240512 20:45:16.905" level="INFO">Typing text 'Angel' into text field 'name: usernameInOrderPayment'.</msg>
<status status="PASS" starttime="20240512 20:45:16.905" endtime="20240512 20:45:18.524"/>
</kw>
<kw name="Input Password" library="SeleniumLibrary">
<arg>${Quicklogin_Password_txtfield}</arg>
<arg>${password}</arg>
<arg>clear=True</arg>
<doc>Types the given password into the text field identified by ``locator``.</doc>
<msg timestamp="20240512 20:45:18.525" level="INFO">Typing password into text field 'name: passwordInOrderPayment'.</msg>
<msg timestamp="20240512 20:45:19.567" level="INFO">Temporally setting log level to: NONE</msg>
<msg timestamp="20240512 20:45:20.129" level="INFO">Log level changed from NONE to INFO.</msg>
<status status="PASS" starttime="20240512 20:45:18.525" endtime="20240512 20:45:20.129"/>
</kw>
<kw name="Click Button" library="SeleniumLibrary">
<arg>${QuickLogin_Login_btn}</arg>
<doc>Clicks the button identified by ``locator``.</doc>
<msg timestamp="20240512 20:45:20.130" level="INFO">Clicking button 'LOGIN'.</msg>
<status status="PASS" starttime="20240512 20:45:20.129" endtime="20240512 20:45:24.261"/>
</kw>
<status status="PASS" starttime="20240512 20:45:16.904" endtime="20240512 20:45:24.262"/>
</kw>
<status status="PASS" starttime="20240512 20:45:16.904" endtime="20240512 20:45:24.262"/>
</branch>
<status status="PASS" starttime="20240512 20:45:16.903" endtime="20240512 20:45:24.262"/>
</if>
<kw name="Click Button" library="SeleniumLibrary">
<arg>NEXT</arg>
<doc>Clicks the button identified by ``locator``.</doc>
<msg timestamp="20240512 20:45:24.263" level="INFO">Clicking button 'NEXT'.</msg>
<status status="PASS" starttime="20240512 20:45:24.262" endtime="20240512 20:45:28.429"/>
</kw>
<kw name="Input Text" library="SeleniumLibrary">
<arg>name: safepay_username</arg>
<arg>${username}</arg>
<arg>clear=True</arg>
<doc>Types the given ``text`` into the text field identified by ``locator``.</doc>
<msg timestamp="20240512 20:45:28.430" level="INFO">Typing text 'Angel' into text field 'name: safepay_username'.</msg>
<status status="PASS" starttime="20240512 20:45:28.429" endtime="20240512 20:45:30.074"/>
</kw>
<kw name="Input Password" library="SeleniumLibrary">
<arg>name: safepay_password</arg>
<arg>${password}</arg>
<arg>clear=True</arg>
<doc>Types the given password into the text field identified by ``locator``.</doc>
<msg timestamp="20240512 20:45:30.074" level="INFO">Typing password into text field 'name: safepay_password'.</msg>
<msg timestamp="20240512 20:45:31.139" level="INFO">Temporally setting log level to: NONE</msg>
<msg timestamp="20240512 20:45:31.722" level="INFO">Log level changed from NONE to INFO.</msg>
<status status="PASS" starttime="20240512 20:45:30.074" endtime="20240512 20:45:31.722"/>
</kw>
<kw name="Click Button" library="SeleniumLibrary">
<arg>PAY NOW</arg>
<doc>Clicks the button identified by ``locator``.</doc>
<msg timestamp="20240512 20:45:31.723" level="INFO">Clicking button 'PAY NOW'.</msg>
<status status="PASS" starttime="20240512 20:45:31.723" endtime="20240512 20:45:35.846"/>
</kw>
<status status="PASS" starttime="20240512 20:45:16.902" endtime="20240512 20:45:35.846"/>
</kw>
<kw name="Order Shoulbe be Put Successfully with Text Thank you for buying with Advantage" library="orderpaymentpage" sourcename="Order Shoulbe be Put Successfully with Text ${paymentsuccessfully}">
<kw name="Element Attribute Value Should Be" library="SeleniumLibrary">
<arg>//*[@id="orderPaymentSuccess"]/h2/span</arg>
<arg>innerText</arg>
<arg>${paymentsuccessfully}</arg>
<doc>Verifies element identified by ``locator`` contains expected attribute value.</doc>
<msg timestamp="20240512 20:45:36.924" level="INFO">Element '//*[@id="orderPaymentSuccess"]/h2/span' attribute 'innerText' contains value 'Thank you for buying with Advantage'.</msg>
<status status="PASS" starttime="20240512 20:45:35.847" endtime="20240512 20:45:36.924"/>
</kw>
<status status="PASS" starttime="20240512 20:45:35.847" endtime="20240512 20:45:36.925"/>
</kw>
<kw name="User Logout" library="userprofile">
<kw name="Click Element" library="SeleniumLibrary">
<arg>${User_btn}</arg>
<doc>Click the element identified by ``locator``.</doc>
<msg timestamp="20240512 20:45:36.926" level="INFO">Clicking element 'id: menuUser'.</msg>
<status status="PASS" starttime="20240512 20:45:36.925" endtime="20240512 20:45:37.993"/>
</kw>
<kw name="Click Element" library="SeleniumLibrary">
<arg>${Logout_btn}</arg>
<doc>Click the element identified by ``locator``.</doc>
<msg timestamp="20240512 20:45:37.994" level="INFO">Clicking element '//*[@id="loginMiniTitle"]/label[3]'.</msg>
<status status="PASS" starttime="20240512 20:45:37.994" endtime="20240512 20:45:39.068"/>
</kw>
<status status="PASS" starttime="20240512 20:45:36.925" endtime="20240512 20:45:39.068"/>
</kw>
<status status="PASS" starttime="20240512 20:45:04.233" endtime="20240512 20:45:39.068"/>
</iter>
<iter>
<var name="${row}">{'USERNAME': 'JoyWang', 'PASSWORD': 'JoyWang@301'}</var>
<kw name="Pick up a Catagory to View" library="homepage">
<arg>${Mice_Img}</arg>
<kw name="Convert Elementlocator To Tuple String" library="UtilLibrary">
<var>${elementexists}</var>
<arg>${catagorylocator}</arg>
<doc>Convert element locator from string to a string like a tuple so that it could
be used in Evaluate function and check the element condition with
Wait For statement.</doc>
<msg timestamp="20240512 20:45:39.069" level="INFO">Concat String is: 'id','miceImg'</msg>
<msg timestamp="20240512 20:45:39.069" level="INFO">${elementexists} = ('id','miceImg')</msg>
<status status="PASS" starttime="20240512 20:45:39.069" endtime="20240512 20:45:39.069"/>
</kw>
<kw name="Evaluate" library="BuiltIn">
<var>${elementexists}</var>
<arg>${elementexists}</arg>
<doc>Evaluates the given expression in Python and returns the result.</doc>
<msg timestamp="20240512 20:45:39.069" level="INFO">${elementexists} = ('id', 'miceImg')</msg>
<status status="PASS" starttime="20240512 20:45:39.069" endtime="20240512 20:45:39.069"/>
</kw>
<kw name="Wait For Expected Condition" library="SeleniumLibrary">
<arg>Element To Be Clickable</arg>
<arg>${elementexists}</arg>
<arg>timeout=10</arg>
<doc>Waits until ``condition`` is true or ``timeout`` expires.</doc>
<status status="PASS" starttime="20240512 20:45:39.069" endtime="20240512 20:45:40.678"/>
</kw>
<kw name="Click Element" library="SeleniumLibrary">
<arg>${catagorylocator}</arg>
<doc>Click the element identified by ``locator``.</doc>
<msg timestamp="20240512 20:45:40.680" level="INFO">Clicking element 'id: miceImg'.</msg>
<status status="PASS" starttime="20240512 20:45:40.679" endtime="20240512 20:45:41.807"/>
</kw>
<status status="PASS" starttime="20240512 20:45:39.068" endtime="20240512 20:45:41.808"/>
</kw>
<kw name="Pick up a Product to View" library="productcatagorypage">
<arg>${HP_Z3200_Img}</arg>
<kw name="Click Image" library="SeleniumLibrary">
<arg>${productlocator}</arg>
<doc>Clicks an image identified by ``locator``.</doc>
<msg timestamp="20240512 20:45:41.813" level="INFO">Clicking image 'id: 28'.</msg>
<status status="PASS" starttime="20240512 20:45:41.812" endtime="20240512 20:45:43.465"/>
</kw>
<status status="PASS" starttime="20240512 20:45:41.810" endtime="20240512 20:45:43.465"/>
</kw>
<kw name="Adjust Product Quantity" library="productdetailpage">
<arg>2</arg>
<doc>The step to modify the quantity to be added to the cart.
The arguemnts is to set the quantity</doc>
<kw name="Click Element" library="SeleniumLibrary">
<arg>${Quantity_Plus_btn}</arg>
<doc>Click the element identified by ``locator``.</doc>
<msg timestamp="20240512 20:45:43.466" level="INFO">Clicking element 'xpath: //*[@id="productProperties"]/div[2]/e-sec-plus-minus/div/div[3]'.</msg>
<status status="PASS" starttime="20240512 20:45:43.466" endtime="20240512 20:45:44.553"/>
</kw>
<status status="PASS" starttime="20240512 20:45:43.465" endtime="20240512 20:45:44.553"/>
</kw>
<kw name="Add to Cart" library="productdetailpage">
<doc>The step to add the product to the cart.</doc>
<kw name="Click Button" library="SeleniumLibrary">
<arg>${Add_To_Cart_btn}</arg>
<doc>Clicks the button identified by ``locator``.</doc>
<msg timestamp="20240512 20:45:44.554" level="INFO">Clicking button 'ADD TO CART'.</msg>
<status status="PASS" starttime="20240512 20:45:44.554" endtime="20240512 20:45:48.754"/>
</kw>
<status status="PASS" starttime="20240512 20:45:44.554" endtime="20240512 20:45:48.754"/>
</kw>
<kw name="Go Checkout" library="productdetailpage">
<kw name="Get Element Count" library="SeleniumLibrary">
<var>${cnt}</var>
<arg>${Checkout_btn}</arg>
<doc>Returns the number of elements matching ``locator``.</doc>
<msg timestamp="20240512 20:45:49.270" level="INFO">${cnt} = 1</msg>
<status status="PASS" starttime="20240512 20:45:48.755" endtime="20240512 20:45:49.270"/>
</kw>
<if>
<branch type="IF" condition="${cnt} == 0">
<kw name="Click Element" library="SeleniumLibrary">
<arg>${Cart_btn}</arg>
<doc>Click the element identified by ``locator``.</doc>
<status status="NOT RUN" starttime="20240512 20:45:49.270" endtime="20240512 20:45:49.270"/>
</kw>
<status status="NOT RUN" starttime="20240512 20:45:49.270" endtime="20240512 20:45:49.270"/>
</branch>
<status status="PASS" starttime="20240512 20:45:49.270" endtime="20240512 20:45:49.270"/>
</if>
<kw name="Click Button" library="SeleniumLibrary">
<arg>${Checkout_btn}</arg>
<doc>Clicks the button identified by ``locator``.</doc>
<msg timestamp="20240512 20:45:49.271" level="INFO">Clicking button 'id: checkOutPopUp'.</msg>
<status status="PASS" starttime="20240512 20:45:49.271" endtime="20240512 20:45:51.928"/>
</kw>
<status status="PASS" starttime="20240512 20:45:48.755" endtime="20240512 20:45:51.928"/>
</kw>
<kw name="Put an Order As Returnuser With ${row}[USERNAME] ${row}[PASSWORD] AND ${None}" library="orderpaymentpage" sourcename="Put an Order As ${newuser} With ${username} ${password} AND ${emailaddress}">
<kw name="Convert To Lower Case" library="String">
<var>${newuser_lowercase}</var>
<arg>${newuser}</arg>
<doc>Converts string to lower case.</doc>
<msg timestamp="20240512 20:45:51.929" level="INFO">${newuser_lowercase} = returnuser</msg>
<status status="PASS" starttime="20240512 20:45:51.929" endtime="20240512 20:45:51.929"/>
</kw>
<if>
<branch type="IF" condition="$newuser_lowercase == 'newuser'">
<kw name="Click Button" library="SeleniumLibrary">
<arg>${Order_Registration_btn}</arg>
<doc>Clicks the button identified by ``locator``.</doc>
<status status="NOT RUN" starttime="20240512 20:45:51.930" endtime="20240512 20:45:51.930"/>
</kw>
<kw name="User Registratrion" library="userprofile">
<var>${bSuccess}</var>
<arg>${username}</arg>
<arg>${password}</arg>
<arg>${emailaddress}</arg>
<status status="NOT RUN" starttime="20240512 20:45:51.930" endtime="20240512 20:45:51.930"/>
</kw>
<if>
<branch type="IF" condition="$bSuccess == ${False}">
<kw name="Go Back" library="SeleniumLibrary">
<doc>Simulates the user clicking the back button on their browser.</doc>
<status status="NOT RUN" starttime="20240512 20:45:51.930" endtime="20240512 20:45:51.930"/>
</kw>
<kw name="Quick Login" library="userprofile">
<arg>${username}</arg>
<arg>${password}</arg>
<status status="NOT RUN" starttime="20240512 20:45:51.930" endtime="20240512 20:45:51.930"/>
</kw>
<status status="NOT RUN" starttime="20240512 20:45:51.930" endtime="20240512 20:45:51.930"/>
</branch>
<status status="NOT RUN" starttime="20240512 20:45:51.930" endtime="20240512 20:45:51.930"/>
</if>
<status status="NOT RUN" starttime="20240512 20:45:51.929" endtime="20240512 20:45:51.930"/>
</branch>
<branch type="ELSE">
<kw name="Quick Login" library="userprofile">
<arg>${username}</arg>
<arg>${password}</arg>
<kw name="Input Text" library="SeleniumLibrary">
<arg>${Quicklogin_Username_txtfield}</arg>
<arg>${username}</arg>
<arg>clear=True</arg>
<doc>Types the given ``text`` into the text field identified by ``locator``.</doc>
<msg timestamp="20240512 20:45:51.931" level="INFO">Typing text 'JoyWang' into text field 'name: usernameInOrderPayment'.</msg>
<status status="PASS" starttime="20240512 20:45:51.931" endtime="20240512 20:45:53.572"/>
</kw>
<kw name="Input Password" library="SeleniumLibrary">
<arg>${Quicklogin_Password_txtfield}</arg>
<arg>${password}</arg>
<arg>clear=True</arg>
<doc>Types the given password into the text field identified by ``locator``.</doc>
<msg timestamp="20240512 20:45:53.582" level="INFO">Typing password into text field 'name: passwordInOrderPayment'.</msg>
<msg timestamp="20240512 20:45:54.646" level="INFO">Temporally setting log level to: NONE</msg>
<msg timestamp="20240512 20:45:55.238" level="INFO">Log level changed from NONE to INFO.</msg>
<status status="PASS" starttime="20240512 20:45:53.573" endtime="20240512 20:45:55.239"/>
</kw>
<kw name="Click Button" library="SeleniumLibrary">
<arg>${QuickLogin_Login_btn}</arg>
<doc>Clicks the button identified by ``locator``.</doc>
<msg timestamp="20240512 20:45:55.241" level="INFO">Clicking button 'LOGIN'.</msg>
<status status="PASS" starttime="20240512 20:45:55.240" endtime="20240512 20:45:59.362"/>
</kw>
<status status="PASS" starttime="20240512 20:45:51.930" endtime="20240512 20:45:59.362"/>
</kw>
<status status="PASS" starttime="20240512 20:45:51.930" endtime="20240512 20:45:59.362"/>
</branch>
<status status="PASS" starttime="20240512 20:45:51.929" endtime="20240512 20:45:59.362"/>
</if>
<kw name="Click Button" library="SeleniumLibrary">
<arg>NEXT</arg>
<doc>Clicks the button identified by ``locator``.</doc>
<msg timestamp="20240512 20:45:59.363" level="INFO">Clicking button 'NEXT'.</msg>
<status status="PASS" starttime="20240512 20:45:59.363" endtime="20240512 20:46:03.503"/>
</kw>
<kw name="Input Text" library="SeleniumLibrary">
<arg>name: safepay_username</arg>
<arg>${username}</arg>
<arg>clear=True</arg>
<doc>Types the given ``text`` into the text field identified by ``locator``.</doc>
<msg timestamp="20240512 20:46:03.504" level="INFO">Typing text 'JoyWang' into text field 'name: safepay_username'.</msg>
<status status="PASS" starttime="20240512 20:46:03.503" endtime="20240512 20:46:05.183"/>
</kw>
<kw name="Input Password" library="SeleniumLibrary">
<arg>name: safepay_password</arg>
<arg>${password}</arg>
<arg>clear=True</arg>
<doc>Types the given password into the text field identified by ``locator``.</doc>
<msg timestamp="20240512 20:46:05.184" level="INFO">Typing password into text field 'name: safepay_password'.</msg>
<msg timestamp="20240512 20:46:06.254" level="INFO">Temporally setting log level to: NONE</msg>
<msg timestamp="20240512 20:46:06.898" level="INFO">Log level changed from NONE to INFO.</msg>
<status status="PASS" starttime="20240512 20:46:05.183" endtime="20240512 20:46:06.899"/>
</kw>
<kw name="Click Button" library="SeleniumLibrary">
<arg>PAY NOW</arg>
<doc>Clicks the button identified by ``locator``.</doc>
<msg timestamp="20240512 20:46:06.899" level="INFO">Clicking button 'PAY NOW'.</msg>
<status status="PASS" starttime="20240512 20:46:06.899" endtime="20240512 20:46:11.039"/>
</kw>
<status status="PASS" starttime="20240512 20:45:51.928" endtime="20240512 20:46:11.039"/>
</kw>
<kw name="Order Shoulbe be Put Successfully with Text Thank you for buying with Advantage" library="orderpaymentpage" sourcename="Order Shoulbe be Put Successfully with Text ${paymentsuccessfully}">
<kw name="Element Attribute Value Should Be" library="SeleniumLibrary">
<arg>//*[@id="orderPaymentSuccess"]/h2/span</arg>
<arg>innerText</arg>
<arg>${paymentsuccessfully}</arg>
<doc>Verifies element identified by ``locator`` contains expected attribute value.</doc>
<msg timestamp="20240512 20:46:12.071" level="INFO">Element '//*[@id="orderPaymentSuccess"]/h2/span' attribute 'innerText' contains value 'Thank you for buying with Advantage'.</msg>
<status status="PASS" starttime="20240512 20:46:11.041" endtime="20240512 20:46:12.071"/>
</kw>
<status status="PASS" starttime="20240512 20:46:11.039" endtime="20240512 20:46:12.071"/>
</kw>
<kw name="User Logout" library="userprofile">
<kw name="Click Element" library="SeleniumLibrary">
<arg>${User_btn}</arg>
<doc>Click the element identified by ``locator``.</doc>
<msg timestamp="20240512 20:46:12.077" level="INFO">Clicking element 'id: menuUser'.</msg>
<status status="PASS" starttime="20240512 20:46:12.072" endtime="20240512 20:46:13.150"/>
</kw>
<kw name="Click Element" library="SeleniumLibrary">
<arg>${Logout_btn}</arg>
<doc>Click the element identified by ``locator``.</doc>
<msg timestamp="20240512 20:46:13.151" level="INFO">Clicking element '//*[@id="loginMiniTitle"]/label[3]'.</msg>
<status status="PASS" starttime="20240512 20:46:13.151" endtime="20240512 20:46:14.428"/>
</kw>
<status status="PASS" starttime="20240512 20:46:12.072" endtime="20240512 20:46:14.431"/>
</kw>
<status status="PASS" starttime="20240512 20:45:39.068" endtime="20240512 20:46:14.431"/>
</iter>
<status status="PASS" starttime="20240512 20:44:24.191" endtime="20240512 20:46:14.431"/>
</for>
<kw name="Close All Browsers" library="SeleniumLibrary" type="TEARDOWN">
<doc>Closes all open browsers and resets the browser cache.</doc>
<status status="PASS" starttime="20240512 20:46:14.461" endtime="20240512 20:46:15.028"/>
</kw>
<doc>The Workflow including all the steps from browsing to
adding products to cart and final payment with a return user.</doc>
<tag>end_to_end</tag>
<tag>smoketest</tag>
<status status="PASS" starttime="20240512 20:44:21.074" endtime="20240512 20:46:15.028"/>
</test>
<doc>The end to end shopping flow verification with PO model design</doc>
<status status="PASS" starttime="20240512 20:39:58.236" endtime="20240512 20:46:15.031"/>
</suite>
<status status="PASS" starttime="20240512 20:39:58.230" endtime="20240512 20:46:15.034"/>
</suite>
<status status="PASS" starttime="20240512 20:33:30.059" endtime="20240512 20:46:15.036"/>
</suite>
<statistics>
<total>
<stat pass="10" fail="0" skip="0">All Tests</stat>
</total>
<tag>
<stat pass="4" fail="0" skip="0">dry_run</stat>
<stat pass="4" fail="0" skip="0">end_to_end</stat>
<stat pass="2" fail="0" skip="0">smoketest</stat>
</tag>
<suite>
<stat pass="10" fail="0" skip="0" id="s1" name="RobotFramework &amp; Tests">RobotFramework &amp; Tests</stat>
<stat pass="6" fail="0" skip="0" id="s1-s1" name="RobotFramework">RobotFramework &amp; Tests.RobotFramework</stat>
<stat pass="2" fail="0" skip="0" id="s1-s1-s1" name="RF Init">RobotFramework &amp; Tests.RobotFramework.RF Init</stat>
<stat pass="4" fail="0" skip="0" id="s1-s1-s2" name="Tests">RobotFramework &amp; Tests.RobotFramework.Tests</stat>
<stat pass="4" fail="0" skip="0" id="s1-s1-s2-s1" name="Shopping Test Cases">RobotFramework &amp; Tests.RobotFramework.Tests.Shopping Test Cases</stat>
<stat pass="4" fail="0" skip="0" id="s1-s2" name="Tests">RobotFramework &amp; Tests.Tests</stat>
<stat pass="4" fail="0" skip="0" id="s1-s2-s1" name="Shopping Test Cases">RobotFramework &amp; Tests.Tests.Shopping Test Cases</stat>
</suite>
</statistics>
<errors>
</errors>
</robot>
